ARM GAS  C:\Users\38595\AppData\Local\Temp\cceAqmti.s 			page 1


   1              		.cpu cortex-m4
   2              		.arch armv7e-m
   3              		.fpu fpv4-sp-d16
   4              		.eabi_attribute 27, 1
   5              		.eabi_attribute 28, 1
   6              		.eabi_attribute 20, 1
   7              		.eabi_attribute 21, 1
   8              		.eabi_attribute 23, 3
   9              		.eabi_attribute 24, 1
  10              		.eabi_attribute 25, 1
  11              		.eabi_attribute 26, 1
  12              		.eabi_attribute 30, 1
  13              		.eabi_attribute 34, 1
  14              		.eabi_attribute 18, 4
  15              		.file	"gpio.c"
  16              		.text
  17              	.Ltext0:
  18              		.cfi_sections	.debug_frame
  19              		.section	.text.gpio_led_state,"ax",%progbits
  20              		.align	1
  21              		.global	gpio_led_state
  22              		.syntax unified
  23              		.thumb
  24              		.thumb_func
  26              	gpio_led_state:
  27              	.LVL0:
  28              	.LFB130:
  29              		.file 1 "Core/Src/gpio.c"
   1:Core/Src/gpio.c **** /* USER CODE BEGIN Header */
   2:Core/Src/gpio.c **** /**
   3:Core/Src/gpio.c ****  ******************************************************************************
   4:Core/Src/gpio.c ****  * @file    gpio.c
   5:Core/Src/gpio.c ****  * @brief   This file provides code for the configuration
   6:Core/Src/gpio.c ****  *          of all used GPIO pins.
   7:Core/Src/gpio.c ****  ******************************************************************************
   8:Core/Src/gpio.c ****  * @attention
   9:Core/Src/gpio.c ****  *
  10:Core/Src/gpio.c ****  * Copyright (c) 2023 STMicroelectronics.
  11:Core/Src/gpio.c ****  * All rights reserved.
  12:Core/Src/gpio.c ****  *
  13:Core/Src/gpio.c ****  * This software is licensed under terms that can be found in the LICENSE file
  14:Core/Src/gpio.c ****  * in the root directory of this software component.
  15:Core/Src/gpio.c ****  * If no LICENSE file comes with this software, it is provided AS-IS.
  16:Core/Src/gpio.c ****  *
  17:Core/Src/gpio.c ****  ******************************************************************************
  18:Core/Src/gpio.c ****  */
  19:Core/Src/gpio.c **** /* USER CODE END Header */
  20:Core/Src/gpio.c **** 
  21:Core/Src/gpio.c **** /* Includes ------------------------------------------------------------------*/
  22:Core/Src/gpio.c **** #include "gpio.h"
  23:Core/Src/gpio.c **** 
  24:Core/Src/gpio.c **** #include "stm32f4xx_hal.h"
  25:Core/Src/gpio.c **** /* USER CODE BEGIN 0 */
  26:Core/Src/gpio.c **** 
  27:Core/Src/gpio.c **** /* USER CODE END 0 */
  28:Core/Src/gpio.c **** 
  29:Core/Src/gpio.c **** /*----------------------------------------------------------------------------*/
ARM GAS  C:\Users\38595\AppData\Local\Temp\cceAqmti.s 			page 2


  30:Core/Src/gpio.c **** /* Configure GPIO                                                             */
  31:Core/Src/gpio.c **** /*----------------------------------------------------------------------------*/
  32:Core/Src/gpio.c **** /* USER CODE BEGIN 1 */
  33:Core/Src/gpio.c **** void gpio_led_state(uint8_t LED_ID, uint8_t state) {
  30              		.loc 1 33 52 view -0
  31              		.cfi_startproc
  32              		@ args = 0, pretend = 0, frame = 0
  33              		@ frame_needed = 0, uses_anonymous_args = 0
  34              		.loc 1 33 52 is_stmt 0 view .LVU1
  35 0000 08B5     		push	{r3, lr}
  36              	.LCFI0:
  37              		.cfi_def_cfa_offset 8
  38              		.cfi_offset 3, -8
  39              		.cfi_offset 14, -4
  34:Core/Src/gpio.c ****   GPIO_PinState pinState;
  40              		.loc 1 34 3 is_stmt 1 view .LVU2
  35:Core/Src/gpio.c **** 
  36:Core/Src/gpio.c ****   pinState = (state == 1) ? GPIO_PIN_SET : GPIO_PIN_RESET;
  41              		.loc 1 36 3 view .LVU3
  42              		.loc 1 36 42 is_stmt 0 view .LVU4
  43 0002 0129     		cmp	r1, #1
  44 0004 14BF     		ite	ne
  45 0006 0022     		movne	r2, #0
  46 0008 0122     		moveq	r2, #1
  47              	.LVL1:
  37:Core/Src/gpio.c ****   switch (LED_ID) {
  48              		.loc 1 37 3 is_stmt 1 view .LVU5
  49 000a 0138     		subs	r0, r0, #1
  50              	.LVL2:
  51              		.loc 1 37 3 is_stmt 0 view .LVU6
  52 000c 0328     		cmp	r0, #3
  53 000e 08D8     		bhi	.L1
  54 0010 DFE800F0 		tbb	[pc, r0]
  55              	.L4:
  56 0014 02       		.byte	(.L7-.L4)/2
  57 0015 08       		.byte	(.L6-.L4)/2
  58 0016 0E       		.byte	(.L5-.L4)/2
  59 0017 14       		.byte	(.L3-.L4)/2
  60              		.p2align 1
  61              	.L7:
  38:Core/Src/gpio.c ****     case LED3_ORANGE_ID:
  39:Core/Src/gpio.c ****       HAL_GPIO_WritePin(GPIOD, LED3_ORANGE_PinNumber, pinState);
  62              		.loc 1 39 7 is_stmt 1 view .LVU7
  63 0018 4FF40051 		mov	r1, #8192
  64              	.LVL3:
  65              		.loc 1 39 7 is_stmt 0 view .LVU8
  66 001c 0A48     		ldr	r0, .L9
  67 001e FFF7FEFF 		bl	HAL_GPIO_WritePin
  68              	.LVL4:
  40:Core/Src/gpio.c ****       break;
  69              		.loc 1 40 7 is_stmt 1 view .LVU9
  70              	.L1:
  41:Core/Src/gpio.c ****     case LED4_GREEN_ID:
  42:Core/Src/gpio.c ****       HAL_GPIO_WritePin(GPIOD, LED4_GREEN_PinNumber, pinState);
  43:Core/Src/gpio.c ****       break;
  44:Core/Src/gpio.c ****     case LED5_RED_ID:
  45:Core/Src/gpio.c ****       HAL_GPIO_WritePin(GPIOD, LED5_RED_PinNumber, pinState);
ARM GAS  C:\Users\38595\AppData\Local\Temp\cceAqmti.s 			page 3


  46:Core/Src/gpio.c ****       break;
  47:Core/Src/gpio.c ****     case LED6_BLUE_ID:
  48:Core/Src/gpio.c ****       HAL_GPIO_WritePin(GPIOD, LED6_BLUE_PinNumber, pinState);
  49:Core/Src/gpio.c ****       break;
  50:Core/Src/gpio.c ****   }
  51:Core/Src/gpio.c **** }
  71              		.loc 1 51 1 is_stmt 0 view .LVU10
  72 0022 08BD     		pop	{r3, pc}
  73              	.LVL5:
  74              	.L6:
  42:Core/Src/gpio.c ****       break;
  75              		.loc 1 42 7 is_stmt 1 view .LVU11
  76 0024 4FF48051 		mov	r1, #4096
  77              	.LVL6:
  42:Core/Src/gpio.c ****       break;
  78              		.loc 1 42 7 is_stmt 0 view .LVU12
  79 0028 0748     		ldr	r0, .L9
  80 002a FFF7FEFF 		bl	HAL_GPIO_WritePin
  81              	.LVL7:
  43:Core/Src/gpio.c ****     case LED5_RED_ID:
  82              		.loc 1 43 7 is_stmt 1 view .LVU13
  83 002e F8E7     		b	.L1
  84              	.LVL8:
  85              	.L5:
  45:Core/Src/gpio.c ****       break;
  86              		.loc 1 45 7 view .LVU14
  87 0030 4FF48041 		mov	r1, #16384
  88              	.LVL9:
  45:Core/Src/gpio.c ****       break;
  89              		.loc 1 45 7 is_stmt 0 view .LVU15
  90 0034 0448     		ldr	r0, .L9
  91 0036 FFF7FEFF 		bl	HAL_GPIO_WritePin
  92              	.LVL10:
  46:Core/Src/gpio.c ****     case LED6_BLUE_ID:
  93              		.loc 1 46 7 is_stmt 1 view .LVU16
  94 003a F2E7     		b	.L1
  95              	.LVL11:
  96              	.L3:
  48:Core/Src/gpio.c ****       break;
  97              		.loc 1 48 7 view .LVU17
  98 003c 4FF40041 		mov	r1, #32768
  99              	.LVL12:
  48:Core/Src/gpio.c ****       break;
 100              		.loc 1 48 7 is_stmt 0 view .LVU18
 101 0040 0148     		ldr	r0, .L9
 102 0042 FFF7FEFF 		bl	HAL_GPIO_WritePin
 103              	.LVL13:
  49:Core/Src/gpio.c ****   }
 104              		.loc 1 49 7 is_stmt 1 view .LVU19
 105              		.loc 1 51 1 is_stmt 0 view .LVU20
 106 0046 ECE7     		b	.L1
 107              	.L10:
 108              		.align	2
 109              	.L9:
 110 0048 000C0240 		.word	1073875968
 111              		.cfi_endproc
 112              	.LFE130:
ARM GAS  C:\Users\38595\AppData\Local\Temp\cceAqmti.s 			page 4


 114              		.section	.text.MX_GPIO_Init,"ax",%progbits
 115              		.align	1
 116              		.global	MX_GPIO_Init
 117              		.syntax unified
 118              		.thumb
 119              		.thumb_func
 121              	MX_GPIO_Init:
 122              	.LFB131:
  52:Core/Src/gpio.c **** /* USER CODE END 1 */
  53:Core/Src/gpio.c **** 
  54:Core/Src/gpio.c **** /** Configure pins as
  55:Core/Src/gpio.c ****         * Analog
  56:Core/Src/gpio.c ****         * Input
  57:Core/Src/gpio.c ****         * Output
  58:Core/Src/gpio.c ****         * EVENT_OUT
  59:Core/Src/gpio.c ****         * EXTI
  60:Core/Src/gpio.c ****      PC3   ------> I2S2_SD
  61:Core/Src/gpio.c ****      PB10   ------> I2S2_CK
  62:Core/Src/gpio.c **** */
  63:Core/Src/gpio.c **** void MX_GPIO_Init(void) {
 123              		.loc 1 63 25 is_stmt 1 view -0
 124              		.cfi_startproc
 125              		@ args = 0, pretend = 0, frame = 48
 126              		@ frame_needed = 0, uses_anonymous_args = 0
 127 0000 2DE9F04F 		push	{r4, r5, r6, r7, r8, r9, r10, fp, lr}
 128              	.LCFI1:
 129              		.cfi_def_cfa_offset 36
 130              		.cfi_offset 4, -36
 131              		.cfi_offset 5, -32
 132              		.cfi_offset 6, -28
 133              		.cfi_offset 7, -24
 134              		.cfi_offset 8, -20
 135              		.cfi_offset 9, -16
 136              		.cfi_offset 10, -12
 137              		.cfi_offset 11, -8
 138              		.cfi_offset 14, -4
 139 0004 8DB0     		sub	sp, sp, #52
 140              	.LCFI2:
 141              		.cfi_def_cfa_offset 88
  64:Core/Src/gpio.c ****   GPIO_InitTypeDef GPIO_InitStruct = {0};
 142              		.loc 1 64 3 view .LVU22
 143              		.loc 1 64 20 is_stmt 0 view .LVU23
 144 0006 0024     		movs	r4, #0
 145 0008 0794     		str	r4, [sp, #28]
 146 000a 0894     		str	r4, [sp, #32]
 147 000c 0994     		str	r4, [sp, #36]
 148 000e 0A94     		str	r4, [sp, #40]
 149 0010 0B94     		str	r4, [sp, #44]
  65:Core/Src/gpio.c **** 
  66:Core/Src/gpio.c ****   /* GPIO Ports Clock Enable */
  67:Core/Src/gpio.c ****   __HAL_RCC_GPIOE_CLK_ENABLE();
 150              		.loc 1 67 3 is_stmt 1 view .LVU24
 151              	.LBB2:
 152              		.loc 1 67 3 view .LVU25
 153 0012 0194     		str	r4, [sp, #4]
 154              		.loc 1 67 3 view .LVU26
 155 0014 5E4B     		ldr	r3, .L13
ARM GAS  C:\Users\38595\AppData\Local\Temp\cceAqmti.s 			page 5


 156 0016 1A6B     		ldr	r2, [r3, #48]
 157 0018 42F01002 		orr	r2, r2, #16
 158 001c 1A63     		str	r2, [r3, #48]
 159              		.loc 1 67 3 view .LVU27
 160 001e 1A6B     		ldr	r2, [r3, #48]
 161 0020 02F01002 		and	r2, r2, #16
 162 0024 0192     		str	r2, [sp, #4]
 163              		.loc 1 67 3 view .LVU28
 164 0026 019A     		ldr	r2, [sp, #4]
 165              	.LBE2:
 166              		.loc 1 67 3 view .LVU29
  68:Core/Src/gpio.c ****   __HAL_RCC_GPIOC_CLK_ENABLE();
 167              		.loc 1 68 3 view .LVU30
 168              	.LBB3:
 169              		.loc 1 68 3 view .LVU31
 170 0028 0294     		str	r4, [sp, #8]
 171              		.loc 1 68 3 view .LVU32
 172 002a 1A6B     		ldr	r2, [r3, #48]
 173 002c 42F00402 		orr	r2, r2, #4
 174 0030 1A63     		str	r2, [r3, #48]
 175              		.loc 1 68 3 view .LVU33
 176 0032 1A6B     		ldr	r2, [r3, #48]
 177 0034 02F00402 		and	r2, r2, #4
 178 0038 0292     		str	r2, [sp, #8]
 179              		.loc 1 68 3 view .LVU34
 180 003a 029A     		ldr	r2, [sp, #8]
 181              	.LBE3:
 182              		.loc 1 68 3 view .LVU35
  69:Core/Src/gpio.c ****   __HAL_RCC_GPIOH_CLK_ENABLE();
 183              		.loc 1 69 3 view .LVU36
 184              	.LBB4:
 185              		.loc 1 69 3 view .LVU37
 186 003c 0394     		str	r4, [sp, #12]
 187              		.loc 1 69 3 view .LVU38
 188 003e 1A6B     		ldr	r2, [r3, #48]
 189 0040 42F08002 		orr	r2, r2, #128
 190 0044 1A63     		str	r2, [r3, #48]
 191              		.loc 1 69 3 view .LVU39
 192 0046 1A6B     		ldr	r2, [r3, #48]
 193 0048 02F08002 		and	r2, r2, #128
 194 004c 0392     		str	r2, [sp, #12]
 195              		.loc 1 69 3 view .LVU40
 196 004e 039A     		ldr	r2, [sp, #12]
 197              	.LBE4:
 198              		.loc 1 69 3 view .LVU41
  70:Core/Src/gpio.c ****   __HAL_RCC_GPIOA_CLK_ENABLE();
 199              		.loc 1 70 3 view .LVU42
 200              	.LBB5:
 201              		.loc 1 70 3 view .LVU43
 202 0050 0494     		str	r4, [sp, #16]
 203              		.loc 1 70 3 view .LVU44
 204 0052 1A6B     		ldr	r2, [r3, #48]
 205 0054 42F00102 		orr	r2, r2, #1
 206 0058 1A63     		str	r2, [r3, #48]
 207              		.loc 1 70 3 view .LVU45
 208 005a 1A6B     		ldr	r2, [r3, #48]
 209 005c 02F00102 		and	r2, r2, #1
ARM GAS  C:\Users\38595\AppData\Local\Temp\cceAqmti.s 			page 6


 210 0060 0492     		str	r2, [sp, #16]
 211              		.loc 1 70 3 view .LVU46
 212 0062 049A     		ldr	r2, [sp, #16]
 213              	.LBE5:
 214              		.loc 1 70 3 view .LVU47
  71:Core/Src/gpio.c ****   __HAL_RCC_GPIOB_CLK_ENABLE();
 215              		.loc 1 71 3 view .LVU48
 216              	.LBB6:
 217              		.loc 1 71 3 view .LVU49
 218 0064 0594     		str	r4, [sp, #20]
 219              		.loc 1 71 3 view .LVU50
 220 0066 1A6B     		ldr	r2, [r3, #48]
 221 0068 42F00202 		orr	r2, r2, #2
 222 006c 1A63     		str	r2, [r3, #48]
 223              		.loc 1 71 3 view .LVU51
 224 006e 1A6B     		ldr	r2, [r3, #48]
 225 0070 02F00202 		and	r2, r2, #2
 226 0074 0592     		str	r2, [sp, #20]
 227              		.loc 1 71 3 view .LVU52
 228 0076 059A     		ldr	r2, [sp, #20]
 229              	.LBE6:
 230              		.loc 1 71 3 view .LVU53
  72:Core/Src/gpio.c ****   __HAL_RCC_GPIOD_CLK_ENABLE();
 231              		.loc 1 72 3 view .LVU54
 232              	.LBB7:
 233              		.loc 1 72 3 view .LVU55
 234 0078 0694     		str	r4, [sp, #24]
 235              		.loc 1 72 3 view .LVU56
 236 007a 1A6B     		ldr	r2, [r3, #48]
 237 007c 42F00802 		orr	r2, r2, #8
 238 0080 1A63     		str	r2, [r3, #48]
 239              		.loc 1 72 3 view .LVU57
 240 0082 1B6B     		ldr	r3, [r3, #48]
 241 0084 03F00803 		and	r3, r3, #8
 242 0088 0693     		str	r3, [sp, #24]
 243              		.loc 1 72 3 view .LVU58
 244 008a 069B     		ldr	r3, [sp, #24]
 245              	.LBE7:
 246              		.loc 1 72 3 view .LVU59
  73:Core/Src/gpio.c **** 
  74:Core/Src/gpio.c ****   /*Configure GPIO pin Output Level */
  75:Core/Src/gpio.c ****   HAL_GPIO_WritePin(CS_I2C_SPI_GPIO_Port, CS_I2C_SPI_Pin, GPIO_PIN_RESET);
 247              		.loc 1 75 3 view .LVU60
 248 008c 414F     		ldr	r7, .L13+4
 249 008e 2246     		mov	r2, r4
 250 0090 0821     		movs	r1, #8
 251 0092 3846     		mov	r0, r7
 252 0094 FFF7FEFF 		bl	HAL_GPIO_WritePin
 253              	.LVL14:
  76:Core/Src/gpio.c **** 
  77:Core/Src/gpio.c ****   /*Configure GPIO pin Output Level */
  78:Core/Src/gpio.c ****   HAL_GPIO_WritePin(OTG_FS_PowerSwitchOn_GPIO_Port, OTG_FS_PowerSwitchOn_Pin,
 254              		.loc 1 78 3 view .LVU61
 255 0098 DFF80491 		ldr	r9, .L13+16
 256 009c 0122     		movs	r2, #1
 257 009e 1146     		mov	r1, r2
 258 00a0 4846     		mov	r0, r9
ARM GAS  C:\Users\38595\AppData\Local\Temp\cceAqmti.s 			page 7


 259 00a2 FFF7FEFF 		bl	HAL_GPIO_WritePin
 260              	.LVL15:
  79:Core/Src/gpio.c ****                     GPIO_PIN_SET);
  80:Core/Src/gpio.c **** 
  81:Core/Src/gpio.c ****   /*Configure GPIO pin Output Level */
  82:Core/Src/gpio.c ****   HAL_GPIO_WritePin(GPIOD,
 261              		.loc 1 82 3 view .LVU62
 262 00a6 3C4E     		ldr	r6, .L13+8
 263 00a8 2246     		mov	r2, r4
 264 00aa 4FF21001 		movw	r1, #61456
 265 00ae 3046     		mov	r0, r6
 266 00b0 FFF7FEFF 		bl	HAL_GPIO_WritePin
 267              	.LVL16:
  83:Core/Src/gpio.c ****                     LD4_Pin | LD3_Pin | LD5_Pin | LD6_Pin | Audio_RST_Pin,
  84:Core/Src/gpio.c ****                     GPIO_PIN_RESET);
  85:Core/Src/gpio.c **** 
  86:Core/Src/gpio.c ****   /*Configure GPIO pin : PtPin */
  87:Core/Src/gpio.c ****   GPIO_InitStruct.Pin = CS_I2C_SPI_Pin;
 268              		.loc 1 87 3 view .LVU63
 269              		.loc 1 87 23 is_stmt 0 view .LVU64
 270 00b4 4FF00808 		mov	r8, #8
 271 00b8 CDF81C80 		str	r8, [sp, #28]
  88:Core/Src/gpio.c ****   GPIO_InitStruct.Mode = GPIO_MODE_OUTPUT_PP;
 272              		.loc 1 88 3 is_stmt 1 view .LVU65
 273              		.loc 1 88 24 is_stmt 0 view .LVU66
 274 00bc 0125     		movs	r5, #1
 275 00be 0895     		str	r5, [sp, #32]
  89:Core/Src/gpio.c ****   GPIO_InitStruct.Pull = GPIO_NOPULL;
 276              		.loc 1 89 3 is_stmt 1 view .LVU67
 277              		.loc 1 89 24 is_stmt 0 view .LVU68
 278 00c0 0994     		str	r4, [sp, #36]
  90:Core/Src/gpio.c ****   GPIO_InitStruct.Speed = GPIO_SPEED_FREQ_LOW;
 279              		.loc 1 90 3 is_stmt 1 view .LVU69
 280              		.loc 1 90 25 is_stmt 0 view .LVU70
 281 00c2 0A94     		str	r4, [sp, #40]
  91:Core/Src/gpio.c ****   HAL_GPIO_Init(CS_I2C_SPI_GPIO_Port, &GPIO_InitStruct);
 282              		.loc 1 91 3 is_stmt 1 view .LVU71
 283 00c4 07A9     		add	r1, sp, #28
 284 00c6 3846     		mov	r0, r7
 285 00c8 FFF7FEFF 		bl	HAL_GPIO_Init
 286              	.LVL17:
  92:Core/Src/gpio.c **** 
  93:Core/Src/gpio.c ****   /*Configure GPIO pin : PtPin */
  94:Core/Src/gpio.c ****   GPIO_InitStruct.Pin = OTG_FS_PowerSwitchOn_Pin;
 287              		.loc 1 94 3 view .LVU72
 288              		.loc 1 94 23 is_stmt 0 view .LVU73
 289 00cc 0795     		str	r5, [sp, #28]
  95:Core/Src/gpio.c ****   GPIO_InitStruct.Mode = GPIO_MODE_OUTPUT_PP;
 290              		.loc 1 95 3 is_stmt 1 view .LVU74
 291              		.loc 1 95 24 is_stmt 0 view .LVU75
 292 00ce 0895     		str	r5, [sp, #32]
  96:Core/Src/gpio.c ****   GPIO_InitStruct.Pull = GPIO_NOPULL;
 293              		.loc 1 96 3 is_stmt 1 view .LVU76
 294              		.loc 1 96 24 is_stmt 0 view .LVU77
 295 00d0 0994     		str	r4, [sp, #36]
  97:Core/Src/gpio.c ****   GPIO_InitStruct.Speed = GPIO_SPEED_FREQ_LOW;
 296              		.loc 1 97 3 is_stmt 1 view .LVU78
ARM GAS  C:\Users\38595\AppData\Local\Temp\cceAqmti.s 			page 8


 297              		.loc 1 97 25 is_stmt 0 view .LVU79
 298 00d2 0A94     		str	r4, [sp, #40]
  98:Core/Src/gpio.c ****   HAL_GPIO_Init(OTG_FS_PowerSwitchOn_GPIO_Port, &GPIO_InitStruct);
 299              		.loc 1 98 3 is_stmt 1 view .LVU80
 300 00d4 07A9     		add	r1, sp, #28
 301 00d6 4846     		mov	r0, r9
 302 00d8 FFF7FEFF 		bl	HAL_GPIO_Init
 303              	.LVL18:
  99:Core/Src/gpio.c **** 
 100:Core/Src/gpio.c ****   /*Configure GPIO pin : PtPin */
 101:Core/Src/gpio.c ****   GPIO_InitStruct.Pin = PDM_OUT_Pin;
 304              		.loc 1 101 3 view .LVU81
 305              		.loc 1 101 23 is_stmt 0 view .LVU82
 306 00dc CDF81C80 		str	r8, [sp, #28]
 102:Core/Src/gpio.c ****   GPIO_InitStruct.Mode = GPIO_MODE_AF_PP;
 307              		.loc 1 102 3 is_stmt 1 view .LVU83
 308              		.loc 1 102 24 is_stmt 0 view .LVU84
 309 00e0 4FF00208 		mov	r8, #2
 310 00e4 CDF82080 		str	r8, [sp, #32]
 103:Core/Src/gpio.c ****   GPIO_InitStruct.Pull = GPIO_NOPULL;
 311              		.loc 1 103 3 is_stmt 1 view .LVU85
 312              		.loc 1 103 24 is_stmt 0 view .LVU86
 313 00e8 0994     		str	r4, [sp, #36]
 104:Core/Src/gpio.c ****   GPIO_InitStruct.Speed = GPIO_SPEED_FREQ_LOW;
 314              		.loc 1 104 3 is_stmt 1 view .LVU87
 315              		.loc 1 104 25 is_stmt 0 view .LVU88
 316 00ea 0A94     		str	r4, [sp, #40]
 105:Core/Src/gpio.c ****   GPIO_InitStruct.Alternate = GPIO_AF5_SPI2;
 317              		.loc 1 105 3 is_stmt 1 view .LVU89
 318              		.loc 1 105 29 is_stmt 0 view .LVU90
 319 00ec 4FF0050A 		mov	r10, #5
 320 00f0 CDF82CA0 		str	r10, [sp, #44]
 106:Core/Src/gpio.c ****   HAL_GPIO_Init(PDM_OUT_GPIO_Port, &GPIO_InitStruct);
 321              		.loc 1 106 3 is_stmt 1 view .LVU91
 322 00f4 07A9     		add	r1, sp, #28
 323 00f6 4846     		mov	r0, r9
 324 00f8 FFF7FEFF 		bl	HAL_GPIO_Init
 325              	.LVL19:
 107:Core/Src/gpio.c **** 
 108:Core/Src/gpio.c ****   /*Configure GPIO pin : PtPin */
 109:Core/Src/gpio.c ****   GPIO_InitStruct.Pin = B1_Pin;
 326              		.loc 1 109 3 view .LVU92
 327              		.loc 1 109 23 is_stmt 0 view .LVU93
 328 00fc 0795     		str	r5, [sp, #28]
 110:Core/Src/gpio.c ****   GPIO_InitStruct.Mode = GPIO_MODE_EVT_RISING;
 329              		.loc 1 110 3 is_stmt 1 view .LVU94
 330              		.loc 1 110 24 is_stmt 0 view .LVU95
 331 00fe 4FF49019 		mov	r9, #1179648
 332 0102 CDF82090 		str	r9, [sp, #32]
 111:Core/Src/gpio.c ****   GPIO_InitStruct.Pull = GPIO_NOPULL;
 333              		.loc 1 111 3 is_stmt 1 view .LVU96
 334              		.loc 1 111 24 is_stmt 0 view .LVU97
 335 0106 0994     		str	r4, [sp, #36]
 112:Core/Src/gpio.c ****   HAL_GPIO_Init(B1_GPIO_Port, &GPIO_InitStruct);
 336              		.loc 1 112 3 is_stmt 1 view .LVU98
 337 0108 07A9     		add	r1, sp, #28
 338 010a 2448     		ldr	r0, .L13+12
ARM GAS  C:\Users\38595\AppData\Local\Temp\cceAqmti.s 			page 9


 339 010c FFF7FEFF 		bl	HAL_GPIO_Init
 340              	.LVL20:
 113:Core/Src/gpio.c **** 
 114:Core/Src/gpio.c ****   /*Configure GPIO pin : PtPin */
 115:Core/Src/gpio.c ****   GPIO_InitStruct.Pin = BOOT1_Pin;
 341              		.loc 1 115 3 view .LVU99
 342              		.loc 1 115 23 is_stmt 0 view .LVU100
 343 0110 0423     		movs	r3, #4
 344 0112 0793     		str	r3, [sp, #28]
 116:Core/Src/gpio.c ****   GPIO_InitStruct.Mode = GPIO_MODE_INPUT;
 345              		.loc 1 116 3 is_stmt 1 view .LVU101
 346              		.loc 1 116 24 is_stmt 0 view .LVU102
 347 0114 0894     		str	r4, [sp, #32]
 117:Core/Src/gpio.c ****   GPIO_InitStruct.Pull = GPIO_NOPULL;
 348              		.loc 1 117 3 is_stmt 1 view .LVU103
 349              		.loc 1 117 24 is_stmt 0 view .LVU104
 350 0116 0994     		str	r4, [sp, #36]
 118:Core/Src/gpio.c ****   HAL_GPIO_Init(BOOT1_GPIO_Port, &GPIO_InitStruct);
 351              		.loc 1 118 3 is_stmt 1 view .LVU105
 352 0118 DFF888B0 		ldr	fp, .L13+20
 353 011c 07A9     		add	r1, sp, #28
 354 011e 5846     		mov	r0, fp
 355 0120 FFF7FEFF 		bl	HAL_GPIO_Init
 356              	.LVL21:
 119:Core/Src/gpio.c **** 
 120:Core/Src/gpio.c ****   /*Configure GPIO pin : PtPin */
 121:Core/Src/gpio.c ****   GPIO_InitStruct.Pin = CLK_IN_Pin;
 357              		.loc 1 121 3 view .LVU106
 358              		.loc 1 121 23 is_stmt 0 view .LVU107
 359 0124 4FF48063 		mov	r3, #1024
 360 0128 0793     		str	r3, [sp, #28]
 122:Core/Src/gpio.c ****   GPIO_InitStruct.Mode = GPIO_MODE_AF_PP;
 361              		.loc 1 122 3 is_stmt 1 view .LVU108
 362              		.loc 1 122 24 is_stmt 0 view .LVU109
 363 012a CDF82080 		str	r8, [sp, #32]
 123:Core/Src/gpio.c ****   GPIO_InitStruct.Pull = GPIO_NOPULL;
 364              		.loc 1 123 3 is_stmt 1 view .LVU110
 365              		.loc 1 123 24 is_stmt 0 view .LVU111
 366 012e 0994     		str	r4, [sp, #36]
 124:Core/Src/gpio.c ****   GPIO_InitStruct.Speed = GPIO_SPEED_FREQ_LOW;
 367              		.loc 1 124 3 is_stmt 1 view .LVU112
 368              		.loc 1 124 25 is_stmt 0 view .LVU113
 369 0130 0A94     		str	r4, [sp, #40]
 125:Core/Src/gpio.c ****   GPIO_InitStruct.Alternate = GPIO_AF5_SPI2;
 370              		.loc 1 125 3 is_stmt 1 view .LVU114
 371              		.loc 1 125 29 is_stmt 0 view .LVU115
 372 0132 CDF82CA0 		str	r10, [sp, #44]
 126:Core/Src/gpio.c ****   HAL_GPIO_Init(CLK_IN_GPIO_Port, &GPIO_InitStruct);
 373              		.loc 1 126 3 is_stmt 1 view .LVU116
 374 0136 07A9     		add	r1, sp, #28
 375 0138 5846     		mov	r0, fp
 376 013a FFF7FEFF 		bl	HAL_GPIO_Init
 377              	.LVL22:
 127:Core/Src/gpio.c **** 
 128:Core/Src/gpio.c ****   /*Configure GPIO pins : PDPin PDPin PDPin PDPin */
 129:Core/Src/gpio.c ****   GPIO_InitStruct.Pin = LD4_Pin | LD3_Pin | LD5_Pin | LD6_Pin;
 378              		.loc 1 129 3 view .LVU117
ARM GAS  C:\Users\38595\AppData\Local\Temp\cceAqmti.s 			page 10


 379              		.loc 1 129 23 is_stmt 0 view .LVU118
 380 013e 4FF47043 		mov	r3, #61440
 381 0142 0793     		str	r3, [sp, #28]
 130:Core/Src/gpio.c ****   GPIO_InitStruct.Mode = GPIO_MODE_OUTPUT_PP;
 382              		.loc 1 130 3 is_stmt 1 view .LVU119
 383              		.loc 1 130 24 is_stmt 0 view .LVU120
 384 0144 0895     		str	r5, [sp, #32]
 131:Core/Src/gpio.c ****   GPIO_InitStruct.Pull = GPIO_NOPULL;
 385              		.loc 1 131 3 is_stmt 1 view .LVU121
 386              		.loc 1 131 24 is_stmt 0 view .LVU122
 387 0146 0994     		str	r4, [sp, #36]
 132:Core/Src/gpio.c ****   GPIO_InitStruct.Speed = GPIO_SPEED_FREQ_VERY_HIGH;
 388              		.loc 1 132 3 is_stmt 1 view .LVU123
 389              		.loc 1 132 25 is_stmt 0 view .LVU124
 390 0148 0323     		movs	r3, #3
 391 014a 0A93     		str	r3, [sp, #40]
 133:Core/Src/gpio.c ****   HAL_GPIO_Init(GPIOD, &GPIO_InitStruct);
 392              		.loc 1 133 3 is_stmt 1 view .LVU125
 393 014c 07A9     		add	r1, sp, #28
 394 014e 3046     		mov	r0, r6
 395 0150 FFF7FEFF 		bl	HAL_GPIO_Init
 396              	.LVL23:
 134:Core/Src/gpio.c **** 
 135:Core/Src/gpio.c ****   /*Configure GPIO pin : PtPin */
 136:Core/Src/gpio.c ****   GPIO_InitStruct.Pin = Audio_RST_Pin;
 397              		.loc 1 136 3 view .LVU126
 398              		.loc 1 136 23 is_stmt 0 view .LVU127
 399 0154 1023     		movs	r3, #16
 400 0156 0793     		str	r3, [sp, #28]
 137:Core/Src/gpio.c ****   GPIO_InitStruct.Mode = GPIO_MODE_OUTPUT_PP;
 401              		.loc 1 137 3 is_stmt 1 view .LVU128
 402              		.loc 1 137 24 is_stmt 0 view .LVU129
 403 0158 0895     		str	r5, [sp, #32]
 138:Core/Src/gpio.c ****   GPIO_InitStruct.Pull = GPIO_NOPULL;
 404              		.loc 1 138 3 is_stmt 1 view .LVU130
 405              		.loc 1 138 24 is_stmt 0 view .LVU131
 406 015a 0994     		str	r4, [sp, #36]
 139:Core/Src/gpio.c ****   GPIO_InitStruct.Speed = GPIO_SPEED_FREQ_LOW;
 407              		.loc 1 139 3 is_stmt 1 view .LVU132
 408              		.loc 1 139 25 is_stmt 0 view .LVU133
 409 015c 0A94     		str	r4, [sp, #40]
 140:Core/Src/gpio.c ****   HAL_GPIO_Init(Audio_RST_GPIO_Port, &GPIO_InitStruct);
 410              		.loc 1 140 3 is_stmt 1 view .LVU134
 411 015e 07A9     		add	r1, sp, #28
 412 0160 3046     		mov	r0, r6
 413 0162 FFF7FEFF 		bl	HAL_GPIO_Init
 414              	.LVL24:
 141:Core/Src/gpio.c **** 
 142:Core/Src/gpio.c ****   /*Configure GPIO pin : PtPin */
 143:Core/Src/gpio.c ****   GPIO_InitStruct.Pin = OTG_FS_OverCurrent_Pin;
 415              		.loc 1 143 3 view .LVU135
 416              		.loc 1 143 23 is_stmt 0 view .LVU136
 417 0166 2023     		movs	r3, #32
 418 0168 0793     		str	r3, [sp, #28]
 144:Core/Src/gpio.c ****   GPIO_InitStruct.Mode = GPIO_MODE_INPUT;
 419              		.loc 1 144 3 is_stmt 1 view .LVU137
 420              		.loc 1 144 24 is_stmt 0 view .LVU138
ARM GAS  C:\Users\38595\AppData\Local\Temp\cceAqmti.s 			page 11


 421 016a 0894     		str	r4, [sp, #32]
 145:Core/Src/gpio.c ****   GPIO_InitStruct.Pull = GPIO_NOPULL;
 422              		.loc 1 145 3 is_stmt 1 view .LVU139
 423              		.loc 1 145 24 is_stmt 0 view .LVU140
 424 016c 0994     		str	r4, [sp, #36]
 146:Core/Src/gpio.c ****   HAL_GPIO_Init(OTG_FS_OverCurrent_GPIO_Port, &GPIO_InitStruct);
 425              		.loc 1 146 3 is_stmt 1 view .LVU141
 426 016e 07A9     		add	r1, sp, #28
 427 0170 3046     		mov	r0, r6
 428 0172 FFF7FEFF 		bl	HAL_GPIO_Init
 429              	.LVL25:
 147:Core/Src/gpio.c **** 
 148:Core/Src/gpio.c ****   /*Configure GPIO pin : PtPin */
 149:Core/Src/gpio.c ****   GPIO_InitStruct.Pin = MEMS_INT2_Pin;
 430              		.loc 1 149 3 view .LVU142
 431              		.loc 1 149 23 is_stmt 0 view .LVU143
 432 0176 CDF81C80 		str	r8, [sp, #28]
 150:Core/Src/gpio.c ****   GPIO_InitStruct.Mode = GPIO_MODE_EVT_RISING;
 433              		.loc 1 150 3 is_stmt 1 view .LVU144
 434              		.loc 1 150 24 is_stmt 0 view .LVU145
 435 017a CDF82090 		str	r9, [sp, #32]
 151:Core/Src/gpio.c ****   GPIO_InitStruct.Pull = GPIO_NOPULL;
 436              		.loc 1 151 3 is_stmt 1 view .LVU146
 437              		.loc 1 151 24 is_stmt 0 view .LVU147
 438 017e 0994     		str	r4, [sp, #36]
 152:Core/Src/gpio.c ****   HAL_GPIO_Init(MEMS_INT2_GPIO_Port, &GPIO_InitStruct);
 439              		.loc 1 152 3 is_stmt 1 view .LVU148
 440 0180 07A9     		add	r1, sp, #28
 441 0182 3846     		mov	r0, r7
 442 0184 FFF7FEFF 		bl	HAL_GPIO_Init
 443              	.LVL26:
 153:Core/Src/gpio.c **** }
 444              		.loc 1 153 1 is_stmt 0 view .LVU149
 445 0188 0DB0     		add	sp, sp, #52
 446              	.LCFI3:
 447              		.cfi_def_cfa_offset 36
 448              		@ sp needed
 449 018a BDE8F08F 		pop	{r4, r5, r6, r7, r8, r9, r10, fp, pc}
 450              	.L14:
 451 018e 00BF     		.align	2
 452              	.L13:
 453 0190 00380240 		.word	1073887232
 454 0194 00100240 		.word	1073876992
 455 0198 000C0240 		.word	1073875968
 456 019c 00000240 		.word	1073872896
 457 01a0 00080240 		.word	1073874944
 458 01a4 00040240 		.word	1073873920
 459              		.cfi_endproc
 460              	.LFE131:
 462              		.text
 463              	.Letext0:
 464              		.file 2 "c:\\program files (x86)\\gnu arm embedded toolchain\\10 2021.10\\arm-none-eabi\\include\\
 465              		.file 3 "c:\\program files (x86)\\gnu arm embedded toolchain\\10 2021.10\\arm-none-eabi\\include\\
 466              		.file 4 "Drivers/CMSIS/Device/ST/STM32F4xx/Include/stm32f407xx.h"
 467              		.file 5 "Drivers/STM32F4xx_HAL_Driver/Inc/stm32f4xx_hal_gpio.h"
ARM GAS  C:\Users\38595\AppData\Local\Temp\cceAqmti.s 			page 12


DEFINED SYMBOLS
                            *ABS*:00000000 gpio.c
C:\Users\38595\AppData\Local\Temp\cceAqmti.s:20     .text.gpio_led_state:00000000 $t
C:\Users\38595\AppData\Local\Temp\cceAqmti.s:26     .text.gpio_led_state:00000000 gpio_led_state
C:\Users\38595\AppData\Local\Temp\cceAqmti.s:56     .text.gpio_led_state:00000014 $d
C:\Users\38595\AppData\Local\Temp\cceAqmti.s:60     .text.gpio_led_state:00000018 $t
C:\Users\38595\AppData\Local\Temp\cceAqmti.s:110    .text.gpio_led_state:00000048 $d
C:\Users\38595\AppData\Local\Temp\cceAqmti.s:115    .text.MX_GPIO_Init:00000000 $t
C:\Users\38595\AppData\Local\Temp\cceAqmti.s:121    .text.MX_GPIO_Init:00000000 MX_GPIO_Init
C:\Users\38595\AppData\Local\Temp\cceAqmti.s:453    .text.MX_GPIO_Init:00000190 $d

UNDEFINED SYMBOLS
HAL_GPIO_WritePin
HAL_GPIO_Init
