ARM GAS  C:\Users\38595\AppData\Local\Temp\ccskXlwv.s 			page 1


   1              		.cpu cortex-m4
   2              		.arch armv7e-m
   3              		.fpu fpv4-sp-d16
   4              		.eabi_attribute 27, 1
   5              		.eabi_attribute 28, 1
   6              		.eabi_attribute 20, 1
   7              		.eabi_attribute 21, 1
   8              		.eabi_attribute 23, 3
   9              		.eabi_attribute 24, 1
  10              		.eabi_attribute 25, 1
  11              		.eabi_attribute 26, 1
  12              		.eabi_attribute 30, 1
  13              		.eabi_attribute 34, 1
  14              		.eabi_attribute 18, 4
  15              		.file	"i2s.c"
  16              		.text
  17              	.Ltext0:
  18              		.cfi_sections	.debug_frame
  19              		.section	.text.MX_I2S3_Init,"ax",%progbits
  20              		.align	1
  21              		.global	MX_I2S3_Init
  22              		.syntax unified
  23              		.thumb
  24              		.thumb_func
  26              	MX_I2S3_Init:
  27              	.LFB130:
  28              		.file 1 "Core/Src/i2s.c"
   1:Core/Src/i2s.c **** /* USER CODE BEGIN Header */
   2:Core/Src/i2s.c **** /**
   3:Core/Src/i2s.c ****   ******************************************************************************
   4:Core/Src/i2s.c ****   * @file    i2s.c
   5:Core/Src/i2s.c ****   * @brief   This file provides code for the configuration
   6:Core/Src/i2s.c ****   *          of the I2S instances.
   7:Core/Src/i2s.c ****   ******************************************************************************
   8:Core/Src/i2s.c ****   * @attention
   9:Core/Src/i2s.c ****   *
  10:Core/Src/i2s.c ****   * Copyright (c) 2023 STMicroelectronics.
  11:Core/Src/i2s.c ****   * All rights reserved.
  12:Core/Src/i2s.c ****   *
  13:Core/Src/i2s.c ****   * This software is licensed under terms that can be found in the LICENSE file
  14:Core/Src/i2s.c ****   * in the root directory of this software component.
  15:Core/Src/i2s.c ****   * If no LICENSE file comes with this software, it is provided AS-IS.
  16:Core/Src/i2s.c ****   *
  17:Core/Src/i2s.c ****   ******************************************************************************
  18:Core/Src/i2s.c ****   */
  19:Core/Src/i2s.c **** /* USER CODE END Header */
  20:Core/Src/i2s.c **** /* Includes ------------------------------------------------------------------*/
  21:Core/Src/i2s.c **** #include "i2s.h"
  22:Core/Src/i2s.c **** 
  23:Core/Src/i2s.c **** /* USER CODE BEGIN 0 */
  24:Core/Src/i2s.c **** 
  25:Core/Src/i2s.c **** /* USER CODE END 0 */
  26:Core/Src/i2s.c **** 
  27:Core/Src/i2s.c **** I2S_HandleTypeDef hi2s3;
  28:Core/Src/i2s.c **** 
  29:Core/Src/i2s.c **** /* I2S3 init function */
  30:Core/Src/i2s.c **** void MX_I2S3_Init(void)
ARM GAS  C:\Users\38595\AppData\Local\Temp\ccskXlwv.s 			page 2


  31:Core/Src/i2s.c **** {
  29              		.loc 1 31 1 view -0
  30              		.cfi_startproc
  31              		@ args = 0, pretend = 0, frame = 0
  32              		@ frame_needed = 0, uses_anonymous_args = 0
  33 0000 08B5     		push	{r3, lr}
  34              	.LCFI0:
  35              		.cfi_def_cfa_offset 8
  36              		.cfi_offset 3, -8
  37              		.cfi_offset 14, -4
  32:Core/Src/i2s.c **** 
  33:Core/Src/i2s.c ****   /* USER CODE BEGIN I2S3_Init 0 */
  34:Core/Src/i2s.c **** 
  35:Core/Src/i2s.c ****   /* USER CODE END I2S3_Init 0 */
  36:Core/Src/i2s.c **** 
  37:Core/Src/i2s.c ****   /* USER CODE BEGIN I2S3_Init 1 */
  38:Core/Src/i2s.c **** 
  39:Core/Src/i2s.c ****   /* USER CODE END I2S3_Init 1 */
  40:Core/Src/i2s.c ****   hi2s3.Instance = SPI3;
  38              		.loc 1 40 3 view .LVU1
  39              		.loc 1 40 18 is_stmt 0 view .LVU2
  40 0002 0B48     		ldr	r0, .L5
  41 0004 0B4B     		ldr	r3, .L5+4
  42 0006 0360     		str	r3, [r0]
  41:Core/Src/i2s.c ****   hi2s3.Init.Mode = I2S_MODE_MASTER_TX;
  43              		.loc 1 41 3 is_stmt 1 view .LVU3
  44              		.loc 1 41 19 is_stmt 0 view .LVU4
  45 0008 4FF40072 		mov	r2, #512
  46 000c 4260     		str	r2, [r0, #4]
  42:Core/Src/i2s.c ****   hi2s3.Init.Standard = I2S_STANDARD_PHILIPS;
  47              		.loc 1 42 3 is_stmt 1 view .LVU5
  48              		.loc 1 42 23 is_stmt 0 view .LVU6
  49 000e 0023     		movs	r3, #0
  50 0010 8360     		str	r3, [r0, #8]
  43:Core/Src/i2s.c ****   hi2s3.Init.DataFormat = I2S_DATAFORMAT_16B;
  51              		.loc 1 43 3 is_stmt 1 view .LVU7
  52              		.loc 1 43 25 is_stmt 0 view .LVU8
  53 0012 C360     		str	r3, [r0, #12]
  44:Core/Src/i2s.c ****   hi2s3.Init.MCLKOutput = I2S_MCLKOUTPUT_ENABLE;
  54              		.loc 1 44 3 is_stmt 1 view .LVU9
  55              		.loc 1 44 25 is_stmt 0 view .LVU10
  56 0014 0261     		str	r2, [r0, #16]
  45:Core/Src/i2s.c ****   hi2s3.Init.AudioFreq = I2S_AUDIOFREQ_96K;
  57              		.loc 1 45 3 is_stmt 1 view .LVU11
  58              		.loc 1 45 24 is_stmt 0 view .LVU12
  59 0016 084A     		ldr	r2, .L5+8
  60 0018 4261     		str	r2, [r0, #20]
  46:Core/Src/i2s.c ****   hi2s3.Init.CPOL = I2S_CPOL_LOW;
  61              		.loc 1 46 3 is_stmt 1 view .LVU13
  62              		.loc 1 46 19 is_stmt 0 view .LVU14
  63 001a 8361     		str	r3, [r0, #24]
  47:Core/Src/i2s.c ****   hi2s3.Init.ClockSource = I2S_CLOCK_PLL;
  64              		.loc 1 47 3 is_stmt 1 view .LVU15
  65              		.loc 1 47 26 is_stmt 0 view .LVU16
  66 001c C361     		str	r3, [r0, #28]
  48:Core/Src/i2s.c ****   hi2s3.Init.FullDuplexMode = I2S_FULLDUPLEXMODE_DISABLE;
  67              		.loc 1 48 3 is_stmt 1 view .LVU17
ARM GAS  C:\Users\38595\AppData\Local\Temp\ccskXlwv.s 			page 3


  68              		.loc 1 48 29 is_stmt 0 view .LVU18
  69 001e 0362     		str	r3, [r0, #32]
  49:Core/Src/i2s.c ****   if (HAL_I2S_Init(&hi2s3) != HAL_OK)
  70              		.loc 1 49 3 is_stmt 1 view .LVU19
  71              		.loc 1 49 7 is_stmt 0 view .LVU20
  72 0020 FFF7FEFF 		bl	HAL_I2S_Init
  73              	.LVL0:
  74              		.loc 1 49 6 view .LVU21
  75 0024 00B9     		cbnz	r0, .L4
  76              	.L1:
  50:Core/Src/i2s.c ****   {
  51:Core/Src/i2s.c ****     Error_Handler();
  52:Core/Src/i2s.c ****   }
  53:Core/Src/i2s.c ****   /* USER CODE BEGIN I2S3_Init 2 */
  54:Core/Src/i2s.c **** 
  55:Core/Src/i2s.c ****   /* USER CODE END I2S3_Init 2 */
  56:Core/Src/i2s.c **** 
  57:Core/Src/i2s.c **** }
  77              		.loc 1 57 1 view .LVU22
  78 0026 08BD     		pop	{r3, pc}
  79              	.L4:
  51:Core/Src/i2s.c ****   }
  80              		.loc 1 51 5 is_stmt 1 view .LVU23
  81 0028 FFF7FEFF 		bl	Error_Handler
  82              	.LVL1:
  83              		.loc 1 57 1 is_stmt 0 view .LVU24
  84 002c FBE7     		b	.L1
  85              	.L6:
  86 002e 00BF     		.align	2
  87              	.L5:
  88 0030 00000000 		.word	.LANCHOR0
  89 0034 003C0040 		.word	1073757184
  90 0038 00770100 		.word	96000
  91              		.cfi_endproc
  92              	.LFE130:
  94              		.section	.text.HAL_I2S_MspInit,"ax",%progbits
  95              		.align	1
  96              		.global	HAL_I2S_MspInit
  97              		.syntax unified
  98              		.thumb
  99              		.thumb_func
 101              	HAL_I2S_MspInit:
 102              	.LVL2:
 103              	.LFB131:
  58:Core/Src/i2s.c **** 
  59:Core/Src/i2s.c **** void HAL_I2S_MspInit(I2S_HandleTypeDef* i2sHandle)
  60:Core/Src/i2s.c **** {
 104              		.loc 1 60 1 is_stmt 1 view -0
 105              		.cfi_startproc
 106              		@ args = 0, pretend = 0, frame = 48
 107              		@ frame_needed = 0, uses_anonymous_args = 0
 108              		.loc 1 60 1 is_stmt 0 view .LVU26
 109 0000 70B5     		push	{r4, r5, r6, lr}
 110              	.LCFI1:
 111              		.cfi_def_cfa_offset 16
 112              		.cfi_offset 4, -16
 113              		.cfi_offset 5, -12
ARM GAS  C:\Users\38595\AppData\Local\Temp\ccskXlwv.s 			page 4


 114              		.cfi_offset 6, -8
 115              		.cfi_offset 14, -4
 116 0002 8CB0     		sub	sp, sp, #48
 117              	.LCFI2:
 118              		.cfi_def_cfa_offset 64
  61:Core/Src/i2s.c **** 
  62:Core/Src/i2s.c ****   GPIO_InitTypeDef GPIO_InitStruct = {0};
 119              		.loc 1 62 3 is_stmt 1 view .LVU27
 120              		.loc 1 62 20 is_stmt 0 view .LVU28
 121 0004 0023     		movs	r3, #0
 122 0006 0793     		str	r3, [sp, #28]
 123 0008 0893     		str	r3, [sp, #32]
 124 000a 0993     		str	r3, [sp, #36]
 125 000c 0A93     		str	r3, [sp, #40]
 126 000e 0B93     		str	r3, [sp, #44]
  63:Core/Src/i2s.c ****   RCC_PeriphCLKInitTypeDef PeriphClkInitStruct = {0};
 127              		.loc 1 63 3 is_stmt 1 view .LVU29
 128              		.loc 1 63 28 is_stmt 0 view .LVU30
 129 0010 0393     		str	r3, [sp, #12]
 130 0012 0493     		str	r3, [sp, #16]
 131 0014 0593     		str	r3, [sp, #20]
 132 0016 0693     		str	r3, [sp, #24]
  64:Core/Src/i2s.c ****   if(i2sHandle->Instance==SPI3)
 133              		.loc 1 64 3 is_stmt 1 view .LVU31
 134              		.loc 1 64 15 is_stmt 0 view .LVU32
 135 0018 0268     		ldr	r2, [r0]
 136              		.loc 1 64 5 view .LVU33
 137 001a 254B     		ldr	r3, .L13
 138 001c 9A42     		cmp	r2, r3
 139 001e 01D0     		beq	.L11
 140              	.LVL3:
 141              	.L7:
  65:Core/Src/i2s.c ****   {
  66:Core/Src/i2s.c ****   /* USER CODE BEGIN SPI3_MspInit 0 */
  67:Core/Src/i2s.c **** 
  68:Core/Src/i2s.c ****   /* USER CODE END SPI3_MspInit 0 */
  69:Core/Src/i2s.c **** 
  70:Core/Src/i2s.c ****   /** Initializes the peripherals clock
  71:Core/Src/i2s.c ****   */
  72:Core/Src/i2s.c ****     PeriphClkInitStruct.PeriphClockSelection = RCC_PERIPHCLK_I2S;
  73:Core/Src/i2s.c ****     PeriphClkInitStruct.PLLI2S.PLLI2SN = 50;
  74:Core/Src/i2s.c ****     PeriphClkInitStruct.PLLI2S.PLLI2SR = 2;
  75:Core/Src/i2s.c ****     if (HAL_RCCEx_PeriphCLKConfig(&PeriphClkInitStruct) != HAL_OK)
  76:Core/Src/i2s.c ****     {
  77:Core/Src/i2s.c ****       Error_Handler();
  78:Core/Src/i2s.c ****     }
  79:Core/Src/i2s.c **** 
  80:Core/Src/i2s.c ****     /* I2S3 clock enable */
  81:Core/Src/i2s.c ****     __HAL_RCC_SPI3_CLK_ENABLE();
  82:Core/Src/i2s.c **** 
  83:Core/Src/i2s.c ****     __HAL_RCC_GPIOA_CLK_ENABLE();
  84:Core/Src/i2s.c ****     __HAL_RCC_GPIOC_CLK_ENABLE();
  85:Core/Src/i2s.c ****     /**I2S3 GPIO Configuration
  86:Core/Src/i2s.c ****     PA4     ------> I2S3_WS
  87:Core/Src/i2s.c ****     PC7     ------> I2S3_MCK
  88:Core/Src/i2s.c ****     PC10     ------> I2S3_CK
  89:Core/Src/i2s.c ****     PC12     ------> I2S3_SD
ARM GAS  C:\Users\38595\AppData\Local\Temp\ccskXlwv.s 			page 5


  90:Core/Src/i2s.c ****     */
  91:Core/Src/i2s.c ****     GPIO_InitStruct.Pin = I2S3_WS_Pin;
  92:Core/Src/i2s.c ****     GPIO_InitStruct.Mode = GPIO_MODE_AF_PP;
  93:Core/Src/i2s.c ****     GPIO_InitStruct.Pull = GPIO_NOPULL;
  94:Core/Src/i2s.c ****     GPIO_InitStruct.Speed = GPIO_SPEED_FREQ_LOW;
  95:Core/Src/i2s.c ****     GPIO_InitStruct.Alternate = GPIO_AF6_SPI3;
  96:Core/Src/i2s.c ****     HAL_GPIO_Init(I2S3_WS_GPIO_Port, &GPIO_InitStruct);
  97:Core/Src/i2s.c **** 
  98:Core/Src/i2s.c ****     GPIO_InitStruct.Pin = I2S3_MCK_Pin|I2S3_SCK_Pin|I2S3_SD_Pin;
  99:Core/Src/i2s.c ****     GPIO_InitStruct.Mode = GPIO_MODE_AF_PP;
 100:Core/Src/i2s.c ****     GPIO_InitStruct.Pull = GPIO_NOPULL;
 101:Core/Src/i2s.c ****     GPIO_InitStruct.Speed = GPIO_SPEED_FREQ_LOW;
 102:Core/Src/i2s.c ****     GPIO_InitStruct.Alternate = GPIO_AF6_SPI3;
 103:Core/Src/i2s.c ****     HAL_GPIO_Init(GPIOC, &GPIO_InitStruct);
 104:Core/Src/i2s.c **** 
 105:Core/Src/i2s.c ****   /* USER CODE BEGIN SPI3_MspInit 1 */
 106:Core/Src/i2s.c **** 
 107:Core/Src/i2s.c ****   /* USER CODE END SPI3_MspInit 1 */
 108:Core/Src/i2s.c ****   }
 109:Core/Src/i2s.c **** }
 142              		.loc 1 109 1 view .LVU34
 143 0020 0CB0     		add	sp, sp, #48
 144              	.LCFI3:
 145              		.cfi_remember_state
 146              		.cfi_def_cfa_offset 16
 147              		@ sp needed
 148 0022 70BD     		pop	{r4, r5, r6, pc}
 149              	.LVL4:
 150              	.L11:
 151              	.LCFI4:
 152              		.cfi_restore_state
  72:Core/Src/i2s.c ****     PeriphClkInitStruct.PLLI2S.PLLI2SN = 50;
 153              		.loc 1 72 5 is_stmt 1 view .LVU35
  72:Core/Src/i2s.c ****     PeriphClkInitStruct.PLLI2S.PLLI2SN = 50;
 154              		.loc 1 72 46 is_stmt 0 view .LVU36
 155 0024 0123     		movs	r3, #1
 156 0026 0393     		str	r3, [sp, #12]
  73:Core/Src/i2s.c ****     PeriphClkInitStruct.PLLI2S.PLLI2SR = 2;
 157              		.loc 1 73 5 is_stmt 1 view .LVU37
  73:Core/Src/i2s.c ****     PeriphClkInitStruct.PLLI2S.PLLI2SR = 2;
 158              		.loc 1 73 40 is_stmt 0 view .LVU38
 159 0028 3223     		movs	r3, #50
 160 002a 0493     		str	r3, [sp, #16]
  74:Core/Src/i2s.c ****     if (HAL_RCCEx_PeriphCLKConfig(&PeriphClkInitStruct) != HAL_OK)
 161              		.loc 1 74 5 is_stmt 1 view .LVU39
  74:Core/Src/i2s.c ****     if (HAL_RCCEx_PeriphCLKConfig(&PeriphClkInitStruct) != HAL_OK)
 162              		.loc 1 74 40 is_stmt 0 view .LVU40
 163 002c 0223     		movs	r3, #2
 164 002e 0593     		str	r3, [sp, #20]
  75:Core/Src/i2s.c ****     {
 165              		.loc 1 75 5 is_stmt 1 view .LVU41
  75:Core/Src/i2s.c ****     {
 166              		.loc 1 75 9 is_stmt 0 view .LVU42
 167 0030 03A8     		add	r0, sp, #12
 168              	.LVL5:
  75:Core/Src/i2s.c ****     {
 169              		.loc 1 75 9 view .LVU43
ARM GAS  C:\Users\38595\AppData\Local\Temp\ccskXlwv.s 			page 6


 170 0032 FFF7FEFF 		bl	HAL_RCCEx_PeriphCLKConfig
 171              	.LVL6:
  75:Core/Src/i2s.c ****     {
 172              		.loc 1 75 8 view .LVU44
 173 0036 0028     		cmp	r0, #0
 174 0038 37D1     		bne	.L12
 175              	.L9:
  81:Core/Src/i2s.c **** 
 176              		.loc 1 81 5 is_stmt 1 view .LVU45
 177              	.LBB2:
  81:Core/Src/i2s.c **** 
 178              		.loc 1 81 5 view .LVU46
 179 003a 0024     		movs	r4, #0
 180 003c 0094     		str	r4, [sp]
  81:Core/Src/i2s.c **** 
 181              		.loc 1 81 5 view .LVU47
 182 003e 1D4B     		ldr	r3, .L13+4
 183 0040 1A6C     		ldr	r2, [r3, #64]
 184 0042 42F40042 		orr	r2, r2, #32768
 185 0046 1A64     		str	r2, [r3, #64]
  81:Core/Src/i2s.c **** 
 186              		.loc 1 81 5 view .LVU48
 187 0048 1A6C     		ldr	r2, [r3, #64]
 188 004a 02F40042 		and	r2, r2, #32768
 189 004e 0092     		str	r2, [sp]
  81:Core/Src/i2s.c **** 
 190              		.loc 1 81 5 view .LVU49
 191 0050 009A     		ldr	r2, [sp]
 192              	.LBE2:
  81:Core/Src/i2s.c **** 
 193              		.loc 1 81 5 view .LVU50
  83:Core/Src/i2s.c ****     __HAL_RCC_GPIOC_CLK_ENABLE();
 194              		.loc 1 83 5 view .LVU51
 195              	.LBB3:
  83:Core/Src/i2s.c ****     __HAL_RCC_GPIOC_CLK_ENABLE();
 196              		.loc 1 83 5 view .LVU52
 197 0052 0194     		str	r4, [sp, #4]
  83:Core/Src/i2s.c ****     __HAL_RCC_GPIOC_CLK_ENABLE();
 198              		.loc 1 83 5 view .LVU53
 199 0054 1A6B     		ldr	r2, [r3, #48]
 200 0056 42F00102 		orr	r2, r2, #1
 201 005a 1A63     		str	r2, [r3, #48]
  83:Core/Src/i2s.c ****     __HAL_RCC_GPIOC_CLK_ENABLE();
 202              		.loc 1 83 5 view .LVU54
 203 005c 1A6B     		ldr	r2, [r3, #48]
 204 005e 02F00102 		and	r2, r2, #1
 205 0062 0192     		str	r2, [sp, #4]
  83:Core/Src/i2s.c ****     __HAL_RCC_GPIOC_CLK_ENABLE();
 206              		.loc 1 83 5 view .LVU55
 207 0064 019A     		ldr	r2, [sp, #4]
 208              	.LBE3:
  83:Core/Src/i2s.c ****     __HAL_RCC_GPIOC_CLK_ENABLE();
 209              		.loc 1 83 5 view .LVU56
  84:Core/Src/i2s.c ****     /**I2S3 GPIO Configuration
 210              		.loc 1 84 5 view .LVU57
 211              	.LBB4:
  84:Core/Src/i2s.c ****     /**I2S3 GPIO Configuration
ARM GAS  C:\Users\38595\AppData\Local\Temp\ccskXlwv.s 			page 7


 212              		.loc 1 84 5 view .LVU58
 213 0066 0294     		str	r4, [sp, #8]
  84:Core/Src/i2s.c ****     /**I2S3 GPIO Configuration
 214              		.loc 1 84 5 view .LVU59
 215 0068 1A6B     		ldr	r2, [r3, #48]
 216 006a 42F00402 		orr	r2, r2, #4
 217 006e 1A63     		str	r2, [r3, #48]
  84:Core/Src/i2s.c ****     /**I2S3 GPIO Configuration
 218              		.loc 1 84 5 view .LVU60
 219 0070 1B6B     		ldr	r3, [r3, #48]
 220 0072 03F00403 		and	r3, r3, #4
 221 0076 0293     		str	r3, [sp, #8]
  84:Core/Src/i2s.c ****     /**I2S3 GPIO Configuration
 222              		.loc 1 84 5 view .LVU61
 223 0078 029B     		ldr	r3, [sp, #8]
 224              	.LBE4:
  84:Core/Src/i2s.c ****     /**I2S3 GPIO Configuration
 225              		.loc 1 84 5 view .LVU62
  91:Core/Src/i2s.c ****     GPIO_InitStruct.Mode = GPIO_MODE_AF_PP;
 226              		.loc 1 91 5 view .LVU63
  91:Core/Src/i2s.c ****     GPIO_InitStruct.Mode = GPIO_MODE_AF_PP;
 227              		.loc 1 91 25 is_stmt 0 view .LVU64
 228 007a 1023     		movs	r3, #16
 229 007c 0793     		str	r3, [sp, #28]
  92:Core/Src/i2s.c ****     GPIO_InitStruct.Pull = GPIO_NOPULL;
 230              		.loc 1 92 5 is_stmt 1 view .LVU65
  92:Core/Src/i2s.c ****     GPIO_InitStruct.Pull = GPIO_NOPULL;
 231              		.loc 1 92 26 is_stmt 0 view .LVU66
 232 007e 0226     		movs	r6, #2
 233 0080 0896     		str	r6, [sp, #32]
  93:Core/Src/i2s.c ****     GPIO_InitStruct.Speed = GPIO_SPEED_FREQ_LOW;
 234              		.loc 1 93 5 is_stmt 1 view .LVU67
  93:Core/Src/i2s.c ****     GPIO_InitStruct.Speed = GPIO_SPEED_FREQ_LOW;
 235              		.loc 1 93 26 is_stmt 0 view .LVU68
 236 0082 0994     		str	r4, [sp, #36]
  94:Core/Src/i2s.c ****     GPIO_InitStruct.Alternate = GPIO_AF6_SPI3;
 237              		.loc 1 94 5 is_stmt 1 view .LVU69
  94:Core/Src/i2s.c ****     GPIO_InitStruct.Alternate = GPIO_AF6_SPI3;
 238              		.loc 1 94 27 is_stmt 0 view .LVU70
 239 0084 0A94     		str	r4, [sp, #40]
  95:Core/Src/i2s.c ****     HAL_GPIO_Init(I2S3_WS_GPIO_Port, &GPIO_InitStruct);
 240              		.loc 1 95 5 is_stmt 1 view .LVU71
  95:Core/Src/i2s.c ****     HAL_GPIO_Init(I2S3_WS_GPIO_Port, &GPIO_InitStruct);
 241              		.loc 1 95 31 is_stmt 0 view .LVU72
 242 0086 0625     		movs	r5, #6
 243 0088 0B95     		str	r5, [sp, #44]
  96:Core/Src/i2s.c **** 
 244              		.loc 1 96 5 is_stmt 1 view .LVU73
 245 008a 07A9     		add	r1, sp, #28
 246 008c 0A48     		ldr	r0, .L13+8
 247 008e FFF7FEFF 		bl	HAL_GPIO_Init
 248              	.LVL7:
  98:Core/Src/i2s.c ****     GPIO_InitStruct.Mode = GPIO_MODE_AF_PP;
 249              		.loc 1 98 5 view .LVU74
  98:Core/Src/i2s.c ****     GPIO_InitStruct.Mode = GPIO_MODE_AF_PP;
 250              		.loc 1 98 25 is_stmt 0 view .LVU75
 251 0092 4FF4A453 		mov	r3, #5248
ARM GAS  C:\Users\38595\AppData\Local\Temp\ccskXlwv.s 			page 8


 252 0096 0793     		str	r3, [sp, #28]
  99:Core/Src/i2s.c ****     GPIO_InitStruct.Pull = GPIO_NOPULL;
 253              		.loc 1 99 5 is_stmt 1 view .LVU76
  99:Core/Src/i2s.c ****     GPIO_InitStruct.Pull = GPIO_NOPULL;
 254              		.loc 1 99 26 is_stmt 0 view .LVU77
 255 0098 0896     		str	r6, [sp, #32]
 100:Core/Src/i2s.c ****     GPIO_InitStruct.Speed = GPIO_SPEED_FREQ_LOW;
 256              		.loc 1 100 5 is_stmt 1 view .LVU78
 100:Core/Src/i2s.c ****     GPIO_InitStruct.Speed = GPIO_SPEED_FREQ_LOW;
 257              		.loc 1 100 26 is_stmt 0 view .LVU79
 258 009a 0994     		str	r4, [sp, #36]
 101:Core/Src/i2s.c ****     GPIO_InitStruct.Alternate = GPIO_AF6_SPI3;
 259              		.loc 1 101 5 is_stmt 1 view .LVU80
 101:Core/Src/i2s.c ****     GPIO_InitStruct.Alternate = GPIO_AF6_SPI3;
 260              		.loc 1 101 27 is_stmt 0 view .LVU81
 261 009c 0A94     		str	r4, [sp, #40]
 102:Core/Src/i2s.c ****     HAL_GPIO_Init(GPIOC, &GPIO_InitStruct);
 262              		.loc 1 102 5 is_stmt 1 view .LVU82
 102:Core/Src/i2s.c ****     HAL_GPIO_Init(GPIOC, &GPIO_InitStruct);
 263              		.loc 1 102 31 is_stmt 0 view .LVU83
 264 009e 0B95     		str	r5, [sp, #44]
 103:Core/Src/i2s.c **** 
 265              		.loc 1 103 5 is_stmt 1 view .LVU84
 266 00a0 07A9     		add	r1, sp, #28
 267 00a2 0648     		ldr	r0, .L13+12
 268 00a4 FFF7FEFF 		bl	HAL_GPIO_Init
 269              	.LVL8:
 270              		.loc 1 109 1 is_stmt 0 view .LVU85
 271 00a8 BAE7     		b	.L7
 272              	.L12:
  77:Core/Src/i2s.c ****     }
 273              		.loc 1 77 7 is_stmt 1 view .LVU86
 274 00aa FFF7FEFF 		bl	Error_Handler
 275              	.LVL9:
 276 00ae C4E7     		b	.L9
 277              	.L14:
 278              		.align	2
 279              	.L13:
 280 00b0 003C0040 		.word	1073757184
 281 00b4 00380240 		.word	1073887232
 282 00b8 00000240 		.word	1073872896
 283 00bc 00080240 		.word	1073874944
 284              		.cfi_endproc
 285              	.LFE131:
 287              		.section	.text.HAL_I2S_MspDeInit,"ax",%progbits
 288              		.align	1
 289              		.global	HAL_I2S_MspDeInit
 290              		.syntax unified
 291              		.thumb
 292              		.thumb_func
 294              	HAL_I2S_MspDeInit:
 295              	.LVL10:
 296              	.LFB132:
 110:Core/Src/i2s.c **** 
 111:Core/Src/i2s.c **** void HAL_I2S_MspDeInit(I2S_HandleTypeDef* i2sHandle)
 112:Core/Src/i2s.c **** {
 297              		.loc 1 112 1 view -0
ARM GAS  C:\Users\38595\AppData\Local\Temp\ccskXlwv.s 			page 9


 298              		.cfi_startproc
 299              		@ args = 0, pretend = 0, frame = 0
 300              		@ frame_needed = 0, uses_anonymous_args = 0
 301              		.loc 1 112 1 is_stmt 0 view .LVU88
 302 0000 08B5     		push	{r3, lr}
 303              	.LCFI5:
 304              		.cfi_def_cfa_offset 8
 305              		.cfi_offset 3, -8
 306              		.cfi_offset 14, -4
 113:Core/Src/i2s.c **** 
 114:Core/Src/i2s.c ****   if(i2sHandle->Instance==SPI3)
 307              		.loc 1 114 3 is_stmt 1 view .LVU89
 308              		.loc 1 114 15 is_stmt 0 view .LVU90
 309 0002 0268     		ldr	r2, [r0]
 310              		.loc 1 114 5 view .LVU91
 311 0004 094B     		ldr	r3, .L19
 312 0006 9A42     		cmp	r2, r3
 313 0008 00D0     		beq	.L18
 314              	.LVL11:
 315              	.L15:
 115:Core/Src/i2s.c ****   {
 116:Core/Src/i2s.c ****   /* USER CODE BEGIN SPI3_MspDeInit 0 */
 117:Core/Src/i2s.c **** 
 118:Core/Src/i2s.c ****   /* USER CODE END SPI3_MspDeInit 0 */
 119:Core/Src/i2s.c ****     /* Peripheral clock disable */
 120:Core/Src/i2s.c ****     __HAL_RCC_SPI3_CLK_DISABLE();
 121:Core/Src/i2s.c **** 
 122:Core/Src/i2s.c ****     /**I2S3 GPIO Configuration
 123:Core/Src/i2s.c ****     PA4     ------> I2S3_WS
 124:Core/Src/i2s.c ****     PC7     ------> I2S3_MCK
 125:Core/Src/i2s.c ****     PC10     ------> I2S3_CK
 126:Core/Src/i2s.c ****     PC12     ------> I2S3_SD
 127:Core/Src/i2s.c ****     */
 128:Core/Src/i2s.c ****     HAL_GPIO_DeInit(I2S3_WS_GPIO_Port, I2S3_WS_Pin);
 129:Core/Src/i2s.c **** 
 130:Core/Src/i2s.c ****     HAL_GPIO_DeInit(GPIOC, I2S3_MCK_Pin|I2S3_SCK_Pin|I2S3_SD_Pin);
 131:Core/Src/i2s.c **** 
 132:Core/Src/i2s.c ****   /* USER CODE BEGIN SPI3_MspDeInit 1 */
 133:Core/Src/i2s.c **** 
 134:Core/Src/i2s.c ****   /* USER CODE END SPI3_MspDeInit 1 */
 135:Core/Src/i2s.c ****   }
 136:Core/Src/i2s.c **** }
 316              		.loc 1 136 1 view .LVU92
 317 000a 08BD     		pop	{r3, pc}
 318              	.LVL12:
 319              	.L18:
 120:Core/Src/i2s.c **** 
 320              		.loc 1 120 5 is_stmt 1 view .LVU93
 321 000c 084A     		ldr	r2, .L19+4
 322 000e 136C     		ldr	r3, [r2, #64]
 323 0010 23F40043 		bic	r3, r3, #32768
 324 0014 1364     		str	r3, [r2, #64]
 128:Core/Src/i2s.c **** 
 325              		.loc 1 128 5 view .LVU94
 326 0016 1021     		movs	r1, #16
 327 0018 0648     		ldr	r0, .L19+8
 328              	.LVL13:
ARM GAS  C:\Users\38595\AppData\Local\Temp\ccskXlwv.s 			page 10


 128:Core/Src/i2s.c **** 
 329              		.loc 1 128 5 is_stmt 0 view .LVU95
 330 001a FFF7FEFF 		bl	HAL_GPIO_DeInit
 331              	.LVL14:
 130:Core/Src/i2s.c **** 
 332              		.loc 1 130 5 is_stmt 1 view .LVU96
 333 001e 4FF4A451 		mov	r1, #5248
 334 0022 0548     		ldr	r0, .L19+12
 335 0024 FFF7FEFF 		bl	HAL_GPIO_DeInit
 336              	.LVL15:
 337              		.loc 1 136 1 is_stmt 0 view .LVU97
 338 0028 EFE7     		b	.L15
 339              	.L20:
 340 002a 00BF     		.align	2
 341              	.L19:
 342 002c 003C0040 		.word	1073757184
 343 0030 00380240 		.word	1073887232
 344 0034 00000240 		.word	1073872896
 345 0038 00080240 		.word	1073874944
 346              		.cfi_endproc
 347              	.LFE132:
 349              		.global	hi2s3
 350              		.section	.bss.hi2s3,"aw",%nobits
 351              		.align	2
 352              		.set	.LANCHOR0,. + 0
 355              	hi2s3:
 356 0000 00000000 		.space	72
 356      00000000 
 356      00000000 
 356      00000000 
 356      00000000 
 357              		.text
 358              	.Letext0:
 359              		.file 2 "c:\\program files (x86)\\gnu arm embedded toolchain\\10 2021.10\\arm-none-eabi\\include\\
 360              		.file 3 "c:\\program files (x86)\\gnu arm embedded toolchain\\10 2021.10\\arm-none-eabi\\include\\
 361              		.file 4 "Drivers/CMSIS/Device/ST/STM32F4xx/Include/stm32f407xx.h"
 362              		.file 5 "Drivers/STM32F4xx_HAL_Driver/Inc/stm32f4xx_hal_def.h"
 363              		.file 6 "Drivers/STM32F4xx_HAL_Driver/Inc/stm32f4xx_hal_rcc_ex.h"
 364              		.file 7 "Drivers/STM32F4xx_HAL_Driver/Inc/stm32f4xx_hal_gpio.h"
 365              		.file 8 "Drivers/STM32F4xx_HAL_Driver/Inc/stm32f4xx_hal_dma.h"
 366              		.file 9 "Drivers/STM32F4xx_HAL_Driver/Inc/stm32f4xx_hal_i2s.h"
 367              		.file 10 "Core/Inc/main.h"
 368              		.file 11 "Core/Inc/i2s.h"
ARM GAS  C:\Users\38595\AppData\Local\Temp\ccskXlwv.s 			page 11


DEFINED SYMBOLS
                            *ABS*:00000000 i2s.c
C:\Users\38595\AppData\Local\Temp\ccskXlwv.s:20     .text.MX_I2S3_Init:00000000 $t
C:\Users\38595\AppData\Local\Temp\ccskXlwv.s:26     .text.MX_I2S3_Init:00000000 MX_I2S3_Init
C:\Users\38595\AppData\Local\Temp\ccskXlwv.s:88     .text.MX_I2S3_Init:00000030 $d
C:\Users\38595\AppData\Local\Temp\ccskXlwv.s:95     .text.HAL_I2S_MspInit:00000000 $t
C:\Users\38595\AppData\Local\Temp\ccskXlwv.s:101    .text.HAL_I2S_MspInit:00000000 HAL_I2S_MspInit
C:\Users\38595\AppData\Local\Temp\ccskXlwv.s:280    .text.HAL_I2S_MspInit:000000b0 $d
C:\Users\38595\AppData\Local\Temp\ccskXlwv.s:288    .text.HAL_I2S_MspDeInit:00000000 $t
C:\Users\38595\AppData\Local\Temp\ccskXlwv.s:294    .text.HAL_I2S_MspDeInit:00000000 HAL_I2S_MspDeInit
C:\Users\38595\AppData\Local\Temp\ccskXlwv.s:342    .text.HAL_I2S_MspDeInit:0000002c $d
C:\Users\38595\AppData\Local\Temp\ccskXlwv.s:355    .bss.hi2s3:00000000 hi2s3
C:\Users\38595\AppData\Local\Temp\ccskXlwv.s:351    .bss.hi2s3:00000000 $d

UNDEFINED SYMBOLS
HAL_I2S_Init
Error_Handler
HAL_RCCEx_PeriphCLKConfig
HAL_GPIO_Init
HAL_GPIO_DeInit
