ARM GAS  C:\Users\38595\AppData\Local\Temp\ccypN52w.s 			page 1


   1              		.cpu cortex-m4
   2              		.arch armv7e-m
   3              		.fpu fpv4-sp-d16
   4              		.eabi_attribute 27, 1
   5              		.eabi_attribute 28, 1
   6              		.eabi_attribute 20, 1
   7              		.eabi_attribute 21, 1
   8              		.eabi_attribute 23, 3
   9              		.eabi_attribute 24, 1
  10              		.eabi_attribute 25, 1
  11              		.eabi_attribute 26, 1
  12              		.eabi_attribute 30, 1
  13              		.eabi_attribute 34, 1
  14              		.eabi_attribute 18, 4
  15              		.file	"main.c"
  16              		.text
  17              	.Ltext0:
  18              		.cfi_sections	.debug_frame
  19              		.section	.text.Error_Handler,"ax",%progbits
  20              		.align	1
  21              		.global	Error_Handler
  22              		.syntax unified
  23              		.thumb
  24              		.thumb_func
  26              	Error_Handler:
  27              	.LFB132:
  28              		.file 1 "Core/Src/main.c"
   1:Core/Src/main.c **** /* USER CODE BEGIN Header */
   2:Core/Src/main.c **** /**
   3:Core/Src/main.c ****  ******************************************************************************
   4:Core/Src/main.c ****  * @file           : main.c
   5:Core/Src/main.c ****  * @brief          : Main program body
   6:Core/Src/main.c ****  ******************************************************************************
   7:Core/Src/main.c ****  * @attention
   8:Core/Src/main.c ****  *
   9:Core/Src/main.c ****  * Copyright (c) 2023 STMicroelectronics.
  10:Core/Src/main.c ****  * All rights reserved.
  11:Core/Src/main.c ****  *
  12:Core/Src/main.c ****  * This software is licensed under terms that can be found in the LICENSE file
  13:Core/Src/main.c ****  * in the root directory of this software component.
  14:Core/Src/main.c ****  * If no LICENSE file comes with this software, it is provided AS-IS.
  15:Core/Src/main.c ****  *
  16:Core/Src/main.c ****  ******************************************************************************
  17:Core/Src/main.c ****  */
  18:Core/Src/main.c **** /* USER CODE END Header */
  19:Core/Src/main.c **** /* Includes ------------------------------------------------------------------*/
  20:Core/Src/main.c **** #include "main.h"
  21:Core/Src/main.c **** 
  22:Core/Src/main.c **** #include "gpio.h"
  23:Core/Src/main.c **** #include "i2c.h"
  24:Core/Src/main.c **** #include "i2s.h"
  25:Core/Src/main.c **** #include "spi.h"
  26:Core/Src/main.c **** #include "tim.h"
  27:Core/Src/main.c **** #include "usb_host.h"
  28:Core/Src/main.c **** 
  29:Core/Src/main.c **** /* Private includes ----------------------------------------------------------*/
  30:Core/Src/main.c **** /* USER CODE BEGIN Includes */
ARM GAS  C:\Users\38595\AppData\Local\Temp\ccypN52w.s 			page 2


  31:Core/Src/main.c **** 
  32:Core/Src/main.c **** /* USER CODE END Includes */
  33:Core/Src/main.c **** 
  34:Core/Src/main.c **** /* Private typedef -----------------------------------------------------------*/
  35:Core/Src/main.c **** /* USER CODE BEGIN PTD */
  36:Core/Src/main.c **** 
  37:Core/Src/main.c **** /* USER CODE END PTD */
  38:Core/Src/main.c **** 
  39:Core/Src/main.c **** /* Private define ------------------------------------------------------------*/
  40:Core/Src/main.c **** /* USER CODE BEGIN PD */
  41:Core/Src/main.c **** #define DELAY_MS 1000
  42:Core/Src/main.c **** /* USER CODE END PD */
  43:Core/Src/main.c **** 
  44:Core/Src/main.c **** /* Private macro -------------------------------------------------------------*/
  45:Core/Src/main.c **** /* USER CODE BEGIN PM */
  46:Core/Src/main.c **** 
  47:Core/Src/main.c **** /* USER CODE END PM */
  48:Core/Src/main.c **** 
  49:Core/Src/main.c **** /* Private variables ---------------------------------------------------------*/
  50:Core/Src/main.c **** 
  51:Core/Src/main.c **** /* USER CODE BEGIN PV */
  52:Core/Src/main.c **** 
  53:Core/Src/main.c **** /* USER CODE END PV */
  54:Core/Src/main.c **** 
  55:Core/Src/main.c **** /* Private function prototypes -----------------------------------------------*/
  56:Core/Src/main.c **** void SystemClock_Config(void);
  57:Core/Src/main.c **** void MX_USB_HOST_Process(void);
  58:Core/Src/main.c **** 
  59:Core/Src/main.c **** /* USER CODE BEGIN PFP */
  60:Core/Src/main.c **** 
  61:Core/Src/main.c **** /* USER CODE END PFP */
  62:Core/Src/main.c **** 
  63:Core/Src/main.c **** /* Private user code ---------------------------------------------------------*/
  64:Core/Src/main.c **** /* USER CODE BEGIN 0 */
  65:Core/Src/main.c **** int main(void) {
  66:Core/Src/main.c ****   HAL_Init();
  67:Core/Src/main.c ****   SystemClock_Config();
  68:Core/Src/main.c ****   MX_TIM2_Init();
  69:Core/Src/main.c ****   HAL_TIM_Base_Start_IT(&htim2);
  70:Core/Src/main.c ****   MX_GPIO_Init();
  71:Core/Src/main.c ****   while (1) {
  72:Core/Src/main.c ****     timer2_wait_millisec(1000);
  73:Core/Src/main.c ****     gpio_led_state(LED3_ORANGE_ID, 1);  // turn on
  74:Core/Src/main.c ****     gpio_led_state(LED4_GREEN_ID, 1);   // turn on
  75:Core/Src/main.c ****     gpio_led_state(LED5_RED_ID, 0);     // turn off
  76:Core/Src/main.c ****     gpio_led_state(LED6_BLUE_ID, 0);    // turn off
  77:Core/Src/main.c **** 
  78:Core/Src/main.c ****     timer2_wait_millisec(1000);
  79:Core/Src/main.c ****     gpio_led_state(LED3_ORANGE_ID, 0);  // turn off
  80:Core/Src/main.c ****     gpio_led_state(LED4_GREEN_ID, 0);   // turn off
  81:Core/Src/main.c ****     gpio_led_state(LED5_RED_ID, 1);     // turn on
  82:Core/Src/main.c ****     gpio_led_state(LED6_BLUE_ID, 1);    // turn on
  83:Core/Src/main.c ****   }
  84:Core/Src/main.c **** }
  85:Core/Src/main.c **** /* USER CODE END 0 */
  86:Core/Src/main.c **** 
  87:Core/Src/main.c **** /**
ARM GAS  C:\Users\38595\AppData\Local\Temp\ccypN52w.s 			page 3


  88:Core/Src/main.c ****  * @brief  The application entry point.
  89:Core/Src/main.c ****  * @retval int
  90:Core/Src/main.c ****  */
  91:Core/Src/main.c **** 
  92:Core/Src/main.c **** /**
  93:Core/Src/main.c ****  * @brief System Clock Configuration
  94:Core/Src/main.c ****  * @retval None
  95:Core/Src/main.c ****  */
  96:Core/Src/main.c **** void SystemClock_Config(void) {
  97:Core/Src/main.c ****   RCC_OscInitTypeDef RCC_OscInitStruct = {0};
  98:Core/Src/main.c ****   RCC_ClkInitTypeDef RCC_ClkInitStruct = {0};
  99:Core/Src/main.c **** 
 100:Core/Src/main.c ****   /** Configure the main internal regulator output voltage
 101:Core/Src/main.c ****    */
 102:Core/Src/main.c ****   __HAL_RCC_PWR_CLK_ENABLE();
 103:Core/Src/main.c ****   __HAL_PWR_VOLTAGESCALING_CONFIG(PWR_REGULATOR_VOLTAGE_SCALE1);
 104:Core/Src/main.c **** 
 105:Core/Src/main.c ****   /** Initializes the RCC Oscillators according to the specified parameters
 106:Core/Src/main.c ****    * in the RCC_OscInitTypeDef structure.
 107:Core/Src/main.c ****    */
 108:Core/Src/main.c ****   RCC_OscInitStruct.OscillatorType = RCC_OSCILLATORTYPE_HSE;
 109:Core/Src/main.c ****   RCC_OscInitStruct.HSEState = RCC_HSE_ON;
 110:Core/Src/main.c ****   RCC_OscInitStruct.PLL.PLLState = RCC_PLL_ON;
 111:Core/Src/main.c ****   RCC_OscInitStruct.PLL.PLLSource = RCC_PLLSOURCE_HSE;
 112:Core/Src/main.c ****   RCC_OscInitStruct.PLL.PLLM = 4;
 113:Core/Src/main.c ****   RCC_OscInitStruct.PLL.PLLN = 72;
 114:Core/Src/main.c ****   RCC_OscInitStruct.PLL.PLLP = RCC_PLLP_DIV2;
 115:Core/Src/main.c ****   RCC_OscInitStruct.PLL.PLLQ = 3;
 116:Core/Src/main.c ****   if (HAL_RCC_OscConfig(&RCC_OscInitStruct) != HAL_OK) {
 117:Core/Src/main.c ****     Error_Handler();
 118:Core/Src/main.c ****   }
 119:Core/Src/main.c **** 
 120:Core/Src/main.c ****   /** Initializes the CPU, AHB and APB buses clocks
 121:Core/Src/main.c ****    */
 122:Core/Src/main.c ****   RCC_ClkInitStruct.ClockType = RCC_CLOCKTYPE_HCLK | RCC_CLOCKTYPE_SYSCLK |
 123:Core/Src/main.c ****                                 RCC_CLOCKTYPE_PCLK1 | RCC_CLOCKTYPE_PCLK2;
 124:Core/Src/main.c ****   RCC_ClkInitStruct.SYSCLKSource = RCC_SYSCLKSOURCE_PLLCLK;
 125:Core/Src/main.c ****   RCC_ClkInitStruct.AHBCLKDivider = RCC_SYSCLK_DIV1;
 126:Core/Src/main.c ****   RCC_ClkInitStruct.APB1CLKDivider = RCC_HCLK_DIV2;
 127:Core/Src/main.c ****   RCC_ClkInitStruct.APB2CLKDivider = RCC_HCLK_DIV1;
 128:Core/Src/main.c **** 
 129:Core/Src/main.c ****   if (HAL_RCC_ClockConfig(&RCC_ClkInitStruct, FLASH_LATENCY_2) != HAL_OK) {
 130:Core/Src/main.c ****     Error_Handler();
 131:Core/Src/main.c ****   }
 132:Core/Src/main.c **** }
 133:Core/Src/main.c **** 
 134:Core/Src/main.c **** /* USER CODE BEGIN 4 */
 135:Core/Src/main.c **** 
 136:Core/Src/main.c **** /* USER CODE END 4 */
 137:Core/Src/main.c **** 
 138:Core/Src/main.c **** /**
 139:Core/Src/main.c ****  * @brief  This function is executed in case of error occurrence.
 140:Core/Src/main.c ****  * @retval None
 141:Core/Src/main.c ****  */
 142:Core/Src/main.c **** void Error_Handler(void) {
  29              		.loc 1 142 26 view -0
  30              		.cfi_startproc
ARM GAS  C:\Users\38595\AppData\Local\Temp\ccypN52w.s 			page 4


  31              		@ Volatile: function does not return.
  32              		@ args = 0, pretend = 0, frame = 0
  33              		@ frame_needed = 0, uses_anonymous_args = 0
  34              		@ link register save eliminated.
 143:Core/Src/main.c ****   /* USER CODE BEGIN Error_Handler_Debug */
 144:Core/Src/main.c ****   /* User can add his own implementation to report the HAL error return state */
 145:Core/Src/main.c ****   __disable_irq();
  35              		.loc 1 145 3 view .LVU1
  36              	.LBB4:
  37              	.LBI4:
  38              		.file 2 "Drivers/CMSIS/Include/cmsis_gcc.h"
   1:Drivers/CMSIS/Include/cmsis_gcc.h **** /**************************************************************************//**
   2:Drivers/CMSIS/Include/cmsis_gcc.h ****  * @file     cmsis_gcc.h
   3:Drivers/CMSIS/Include/cmsis_gcc.h ****  * @brief    CMSIS compiler GCC header file
   4:Drivers/CMSIS/Include/cmsis_gcc.h ****  * @version  V5.0.4
   5:Drivers/CMSIS/Include/cmsis_gcc.h ****  * @date     09. April 2018
   6:Drivers/CMSIS/Include/cmsis_gcc.h ****  ******************************************************************************/
   7:Drivers/CMSIS/Include/cmsis_gcc.h **** /*
   8:Drivers/CMSIS/Include/cmsis_gcc.h ****  * Copyright (c) 2009-2018 Arm Limited. All rights reserved.
   9:Drivers/CMSIS/Include/cmsis_gcc.h ****  *
  10:Drivers/CMSIS/Include/cmsis_gcc.h ****  * SPDX-License-Identifier: Apache-2.0
  11:Drivers/CMSIS/Include/cmsis_gcc.h ****  *
  12:Drivers/CMSIS/Include/cmsis_gcc.h ****  * Licensed under the Apache License, Version 2.0 (the License); you may
  13:Drivers/CMSIS/Include/cmsis_gcc.h ****  * not use this file except in compliance with the License.
  14:Drivers/CMSIS/Include/cmsis_gcc.h ****  * You may obtain a copy of the License at
  15:Drivers/CMSIS/Include/cmsis_gcc.h ****  *
  16:Drivers/CMSIS/Include/cmsis_gcc.h ****  * www.apache.org/licenses/LICENSE-2.0
  17:Drivers/CMSIS/Include/cmsis_gcc.h ****  *
  18:Drivers/CMSIS/Include/cmsis_gcc.h ****  * Unless required by applicable law or agreed to in writing, software
  19:Drivers/CMSIS/Include/cmsis_gcc.h ****  * distributed under the License is distributed on an AS IS BASIS, WITHOUT
  20:Drivers/CMSIS/Include/cmsis_gcc.h ****  * WARRANTIES OR CONDITIONS OF ANY KIND, either express or implied.
  21:Drivers/CMSIS/Include/cmsis_gcc.h ****  * See the License for the specific language governing permissions and
  22:Drivers/CMSIS/Include/cmsis_gcc.h ****  * limitations under the License.
  23:Drivers/CMSIS/Include/cmsis_gcc.h ****  */
  24:Drivers/CMSIS/Include/cmsis_gcc.h **** 
  25:Drivers/CMSIS/Include/cmsis_gcc.h **** #ifndef __CMSIS_GCC_H
  26:Drivers/CMSIS/Include/cmsis_gcc.h **** #define __CMSIS_GCC_H
  27:Drivers/CMSIS/Include/cmsis_gcc.h **** 
  28:Drivers/CMSIS/Include/cmsis_gcc.h **** /* ignore some GCC warnings */
  29:Drivers/CMSIS/Include/cmsis_gcc.h **** #pragma GCC diagnostic push
  30:Drivers/CMSIS/Include/cmsis_gcc.h **** #pragma GCC diagnostic ignored "-Wsign-conversion"
  31:Drivers/CMSIS/Include/cmsis_gcc.h **** #pragma GCC diagnostic ignored "-Wconversion"
  32:Drivers/CMSIS/Include/cmsis_gcc.h **** #pragma GCC diagnostic ignored "-Wunused-parameter"
  33:Drivers/CMSIS/Include/cmsis_gcc.h **** 
  34:Drivers/CMSIS/Include/cmsis_gcc.h **** /* Fallback for __has_builtin */
  35:Drivers/CMSIS/Include/cmsis_gcc.h **** #ifndef __has_builtin
  36:Drivers/CMSIS/Include/cmsis_gcc.h ****   #define __has_builtin(x) (0)
  37:Drivers/CMSIS/Include/cmsis_gcc.h **** #endif
  38:Drivers/CMSIS/Include/cmsis_gcc.h **** 
  39:Drivers/CMSIS/Include/cmsis_gcc.h **** /* CMSIS compiler specific defines */
  40:Drivers/CMSIS/Include/cmsis_gcc.h **** #ifndef   __ASM
  41:Drivers/CMSIS/Include/cmsis_gcc.h ****   #define __ASM                                  __asm
  42:Drivers/CMSIS/Include/cmsis_gcc.h **** #endif
  43:Drivers/CMSIS/Include/cmsis_gcc.h **** #ifndef   __INLINE
  44:Drivers/CMSIS/Include/cmsis_gcc.h ****   #define __INLINE                               inline
  45:Drivers/CMSIS/Include/cmsis_gcc.h **** #endif
  46:Drivers/CMSIS/Include/cmsis_gcc.h **** #ifndef   __STATIC_INLINE
ARM GAS  C:\Users\38595\AppData\Local\Temp\ccypN52w.s 			page 5


  47:Drivers/CMSIS/Include/cmsis_gcc.h ****   #define __STATIC_INLINE                        static inline
  48:Drivers/CMSIS/Include/cmsis_gcc.h **** #endif
  49:Drivers/CMSIS/Include/cmsis_gcc.h **** #ifndef   __STATIC_FORCEINLINE                 
  50:Drivers/CMSIS/Include/cmsis_gcc.h ****   #define __STATIC_FORCEINLINE                   __attribute__((always_inline)) static inline
  51:Drivers/CMSIS/Include/cmsis_gcc.h **** #endif                                           
  52:Drivers/CMSIS/Include/cmsis_gcc.h **** #ifndef   __NO_RETURN
  53:Drivers/CMSIS/Include/cmsis_gcc.h ****   #define __NO_RETURN                            __attribute__((__noreturn__))
  54:Drivers/CMSIS/Include/cmsis_gcc.h **** #endif
  55:Drivers/CMSIS/Include/cmsis_gcc.h **** #ifndef   __USED
  56:Drivers/CMSIS/Include/cmsis_gcc.h ****   #define __USED                                 __attribute__((used))
  57:Drivers/CMSIS/Include/cmsis_gcc.h **** #endif
  58:Drivers/CMSIS/Include/cmsis_gcc.h **** #ifndef   __WEAK
  59:Drivers/CMSIS/Include/cmsis_gcc.h ****   #define __WEAK                                 __attribute__((weak))
  60:Drivers/CMSIS/Include/cmsis_gcc.h **** #endif
  61:Drivers/CMSIS/Include/cmsis_gcc.h **** #ifndef   __PACKED
  62:Drivers/CMSIS/Include/cmsis_gcc.h ****   #define __PACKED                               __attribute__((packed, aligned(1)))
  63:Drivers/CMSIS/Include/cmsis_gcc.h **** #endif
  64:Drivers/CMSIS/Include/cmsis_gcc.h **** #ifndef   __PACKED_STRUCT
  65:Drivers/CMSIS/Include/cmsis_gcc.h ****   #define __PACKED_STRUCT                        struct __attribute__((packed, aligned(1)))
  66:Drivers/CMSIS/Include/cmsis_gcc.h **** #endif
  67:Drivers/CMSIS/Include/cmsis_gcc.h **** #ifndef   __PACKED_UNION
  68:Drivers/CMSIS/Include/cmsis_gcc.h ****   #define __PACKED_UNION                         union __attribute__((packed, aligned(1)))
  69:Drivers/CMSIS/Include/cmsis_gcc.h **** #endif
  70:Drivers/CMSIS/Include/cmsis_gcc.h **** #ifndef   __UNALIGNED_UINT32        /* deprecated */
  71:Drivers/CMSIS/Include/cmsis_gcc.h ****   #pragma GCC diagnostic push
  72:Drivers/CMSIS/Include/cmsis_gcc.h ****   #pragma GCC diagnostic ignored "-Wpacked"
  73:Drivers/CMSIS/Include/cmsis_gcc.h ****   #pragma GCC diagnostic ignored "-Wattributes"
  74:Drivers/CMSIS/Include/cmsis_gcc.h ****   struct __attribute__((packed)) T_UINT32 { uint32_t v; };
  75:Drivers/CMSIS/Include/cmsis_gcc.h ****   #pragma GCC diagnostic pop
  76:Drivers/CMSIS/Include/cmsis_gcc.h ****   #define __UNALIGNED_UINT32(x)                  (((struct T_UINT32 *)(x))->v)
  77:Drivers/CMSIS/Include/cmsis_gcc.h **** #endif
  78:Drivers/CMSIS/Include/cmsis_gcc.h **** #ifndef   __UNALIGNED_UINT16_WRITE
  79:Drivers/CMSIS/Include/cmsis_gcc.h ****   #pragma GCC diagnostic push
  80:Drivers/CMSIS/Include/cmsis_gcc.h ****   #pragma GCC diagnostic ignored "-Wpacked"
  81:Drivers/CMSIS/Include/cmsis_gcc.h ****   #pragma GCC diagnostic ignored "-Wattributes"
  82:Drivers/CMSIS/Include/cmsis_gcc.h ****   __PACKED_STRUCT T_UINT16_WRITE { uint16_t v; };
  83:Drivers/CMSIS/Include/cmsis_gcc.h ****   #pragma GCC diagnostic pop
  84:Drivers/CMSIS/Include/cmsis_gcc.h ****   #define __UNALIGNED_UINT16_WRITE(addr, val)    (void)((((struct T_UINT16_WRITE *)(void *)(addr))-
  85:Drivers/CMSIS/Include/cmsis_gcc.h **** #endif
  86:Drivers/CMSIS/Include/cmsis_gcc.h **** #ifndef   __UNALIGNED_UINT16_READ
  87:Drivers/CMSIS/Include/cmsis_gcc.h ****   #pragma GCC diagnostic push
  88:Drivers/CMSIS/Include/cmsis_gcc.h ****   #pragma GCC diagnostic ignored "-Wpacked"
  89:Drivers/CMSIS/Include/cmsis_gcc.h ****   #pragma GCC diagnostic ignored "-Wattributes"
  90:Drivers/CMSIS/Include/cmsis_gcc.h ****   __PACKED_STRUCT T_UINT16_READ { uint16_t v; };
  91:Drivers/CMSIS/Include/cmsis_gcc.h ****   #pragma GCC diagnostic pop
  92:Drivers/CMSIS/Include/cmsis_gcc.h ****   #define __UNALIGNED_UINT16_READ(addr)          (((const struct T_UINT16_READ *)(const void *)(add
  93:Drivers/CMSIS/Include/cmsis_gcc.h **** #endif
  94:Drivers/CMSIS/Include/cmsis_gcc.h **** #ifndef   __UNALIGNED_UINT32_WRITE
  95:Drivers/CMSIS/Include/cmsis_gcc.h ****   #pragma GCC diagnostic push
  96:Drivers/CMSIS/Include/cmsis_gcc.h ****   #pragma GCC diagnostic ignored "-Wpacked"
  97:Drivers/CMSIS/Include/cmsis_gcc.h ****   #pragma GCC diagnostic ignored "-Wattributes"
  98:Drivers/CMSIS/Include/cmsis_gcc.h ****   __PACKED_STRUCT T_UINT32_WRITE { uint32_t v; };
  99:Drivers/CMSIS/Include/cmsis_gcc.h ****   #pragma GCC diagnostic pop
 100:Drivers/CMSIS/Include/cmsis_gcc.h ****   #define __UNALIGNED_UINT32_WRITE(addr, val)    (void)((((struct T_UINT32_WRITE *)(void *)(addr))-
 101:Drivers/CMSIS/Include/cmsis_gcc.h **** #endif
 102:Drivers/CMSIS/Include/cmsis_gcc.h **** #ifndef   __UNALIGNED_UINT32_READ
 103:Drivers/CMSIS/Include/cmsis_gcc.h ****   #pragma GCC diagnostic push
ARM GAS  C:\Users\38595\AppData\Local\Temp\ccypN52w.s 			page 6


 104:Drivers/CMSIS/Include/cmsis_gcc.h ****   #pragma GCC diagnostic ignored "-Wpacked"
 105:Drivers/CMSIS/Include/cmsis_gcc.h ****   #pragma GCC diagnostic ignored "-Wattributes"
 106:Drivers/CMSIS/Include/cmsis_gcc.h ****   __PACKED_STRUCT T_UINT32_READ { uint32_t v; };
 107:Drivers/CMSIS/Include/cmsis_gcc.h ****   #pragma GCC diagnostic pop
 108:Drivers/CMSIS/Include/cmsis_gcc.h ****   #define __UNALIGNED_UINT32_READ(addr)          (((const struct T_UINT32_READ *)(const void *)(add
 109:Drivers/CMSIS/Include/cmsis_gcc.h **** #endif
 110:Drivers/CMSIS/Include/cmsis_gcc.h **** #ifndef   __ALIGNED
 111:Drivers/CMSIS/Include/cmsis_gcc.h ****   #define __ALIGNED(x)                           __attribute__((aligned(x)))
 112:Drivers/CMSIS/Include/cmsis_gcc.h **** #endif
 113:Drivers/CMSIS/Include/cmsis_gcc.h **** #ifndef   __RESTRICT
 114:Drivers/CMSIS/Include/cmsis_gcc.h ****   #define __RESTRICT                             __restrict
 115:Drivers/CMSIS/Include/cmsis_gcc.h **** #endif
 116:Drivers/CMSIS/Include/cmsis_gcc.h **** 
 117:Drivers/CMSIS/Include/cmsis_gcc.h **** 
 118:Drivers/CMSIS/Include/cmsis_gcc.h **** /* ###########################  Core Function Access  ########################### */
 119:Drivers/CMSIS/Include/cmsis_gcc.h **** /** \ingroup  CMSIS_Core_FunctionInterface
 120:Drivers/CMSIS/Include/cmsis_gcc.h ****     \defgroup CMSIS_Core_RegAccFunctions CMSIS Core Register Access Functions
 121:Drivers/CMSIS/Include/cmsis_gcc.h ****   @{
 122:Drivers/CMSIS/Include/cmsis_gcc.h ****  */
 123:Drivers/CMSIS/Include/cmsis_gcc.h **** 
 124:Drivers/CMSIS/Include/cmsis_gcc.h **** /**
 125:Drivers/CMSIS/Include/cmsis_gcc.h ****   \brief   Enable IRQ Interrupts
 126:Drivers/CMSIS/Include/cmsis_gcc.h ****   \details Enables IRQ interrupts by clearing the I-bit in the CPSR.
 127:Drivers/CMSIS/Include/cmsis_gcc.h ****            Can only be executed in Privileged modes.
 128:Drivers/CMSIS/Include/cmsis_gcc.h ****  */
 129:Drivers/CMSIS/Include/cmsis_gcc.h **** __STATIC_FORCEINLINE void __enable_irq(void)
 130:Drivers/CMSIS/Include/cmsis_gcc.h **** {
 131:Drivers/CMSIS/Include/cmsis_gcc.h ****   __ASM volatile ("cpsie i" : : : "memory");
 132:Drivers/CMSIS/Include/cmsis_gcc.h **** }
 133:Drivers/CMSIS/Include/cmsis_gcc.h **** 
 134:Drivers/CMSIS/Include/cmsis_gcc.h **** 
 135:Drivers/CMSIS/Include/cmsis_gcc.h **** /**
 136:Drivers/CMSIS/Include/cmsis_gcc.h ****   \brief   Disable IRQ Interrupts
 137:Drivers/CMSIS/Include/cmsis_gcc.h ****   \details Disables IRQ interrupts by setting the I-bit in the CPSR.
 138:Drivers/CMSIS/Include/cmsis_gcc.h ****            Can only be executed in Privileged modes.
 139:Drivers/CMSIS/Include/cmsis_gcc.h ****  */
 140:Drivers/CMSIS/Include/cmsis_gcc.h **** __STATIC_FORCEINLINE void __disable_irq(void)
  39              		.loc 2 140 27 view .LVU2
  40              	.LBB5:
 141:Drivers/CMSIS/Include/cmsis_gcc.h **** {
 142:Drivers/CMSIS/Include/cmsis_gcc.h ****   __ASM volatile ("cpsid i" : : : "memory");
  41              		.loc 2 142 3 view .LVU3
  42              		.syntax unified
  43              	@ 142 "Drivers/CMSIS/Include/cmsis_gcc.h" 1
  44 0000 72B6     		cpsid i
  45              	@ 0 "" 2
  46              		.thumb
  47              		.syntax unified
  48              	.L2:
  49              	.LBE5:
  50              	.LBE4:
 146:Core/Src/main.c ****   while (1) {
  51              		.loc 1 146 3 discriminator 1 view .LVU4
 147:Core/Src/main.c ****   }
  52              		.loc 1 147 3 discriminator 1 view .LVU5
 146:Core/Src/main.c ****   while (1) {
  53              		.loc 1 146 9 discriminator 1 view .LVU6
ARM GAS  C:\Users\38595\AppData\Local\Temp\ccypN52w.s 			page 7


  54 0002 FEE7     		b	.L2
  55              		.cfi_endproc
  56              	.LFE132:
  58              		.section	.text.SystemClock_Config,"ax",%progbits
  59              		.align	1
  60              		.global	SystemClock_Config
  61              		.syntax unified
  62              		.thumb
  63              		.thumb_func
  65              	SystemClock_Config:
  66              	.LFB131:
  96:Core/Src/main.c ****   RCC_OscInitTypeDef RCC_OscInitStruct = {0};
  67              		.loc 1 96 31 view -0
  68              		.cfi_startproc
  69              		@ args = 0, pretend = 0, frame = 80
  70              		@ frame_needed = 0, uses_anonymous_args = 0
  71 0000 00B5     		push	{lr}
  72              	.LCFI0:
  73              		.cfi_def_cfa_offset 4
  74              		.cfi_offset 14, -4
  75 0002 95B0     		sub	sp, sp, #84
  76              	.LCFI1:
  77              		.cfi_def_cfa_offset 88
  97:Core/Src/main.c ****   RCC_ClkInitTypeDef RCC_ClkInitStruct = {0};
  78              		.loc 1 97 3 view .LVU8
  97:Core/Src/main.c ****   RCC_ClkInitTypeDef RCC_ClkInitStruct = {0};
  79              		.loc 1 97 22 is_stmt 0 view .LVU9
  80 0004 3022     		movs	r2, #48
  81 0006 0021     		movs	r1, #0
  82 0008 08A8     		add	r0, sp, #32
  83 000a FFF7FEFF 		bl	memset
  84              	.LVL0:
  98:Core/Src/main.c **** 
  85              		.loc 1 98 3 is_stmt 1 view .LVU10
  98:Core/Src/main.c **** 
  86              		.loc 1 98 22 is_stmt 0 view .LVU11
  87 000e 0023     		movs	r3, #0
  88 0010 0393     		str	r3, [sp, #12]
  89 0012 0493     		str	r3, [sp, #16]
  90 0014 0593     		str	r3, [sp, #20]
  91 0016 0693     		str	r3, [sp, #24]
  92 0018 0793     		str	r3, [sp, #28]
 102:Core/Src/main.c ****   __HAL_PWR_VOLTAGESCALING_CONFIG(PWR_REGULATOR_VOLTAGE_SCALE1);
  93              		.loc 1 102 3 is_stmt 1 view .LVU12
  94              	.LBB6:
 102:Core/Src/main.c ****   __HAL_PWR_VOLTAGESCALING_CONFIG(PWR_REGULATOR_VOLTAGE_SCALE1);
  95              		.loc 1 102 3 view .LVU13
  96 001a 0193     		str	r3, [sp, #4]
 102:Core/Src/main.c ****   __HAL_PWR_VOLTAGESCALING_CONFIG(PWR_REGULATOR_VOLTAGE_SCALE1);
  97              		.loc 1 102 3 view .LVU14
  98 001c 1F4A     		ldr	r2, .L9
  99 001e 116C     		ldr	r1, [r2, #64]
 100 0020 41F08051 		orr	r1, r1, #268435456
 101 0024 1164     		str	r1, [r2, #64]
 102:Core/Src/main.c ****   __HAL_PWR_VOLTAGESCALING_CONFIG(PWR_REGULATOR_VOLTAGE_SCALE1);
 102              		.loc 1 102 3 view .LVU15
 103 0026 126C     		ldr	r2, [r2, #64]
ARM GAS  C:\Users\38595\AppData\Local\Temp\ccypN52w.s 			page 8


 104 0028 02F08052 		and	r2, r2, #268435456
 105 002c 0192     		str	r2, [sp, #4]
 102:Core/Src/main.c ****   __HAL_PWR_VOLTAGESCALING_CONFIG(PWR_REGULATOR_VOLTAGE_SCALE1);
 106              		.loc 1 102 3 view .LVU16
 107 002e 019A     		ldr	r2, [sp, #4]
 108              	.LBE6:
 102:Core/Src/main.c ****   __HAL_PWR_VOLTAGESCALING_CONFIG(PWR_REGULATOR_VOLTAGE_SCALE1);
 109              		.loc 1 102 3 view .LVU17
 103:Core/Src/main.c **** 
 110              		.loc 1 103 3 view .LVU18
 111              	.LBB7:
 103:Core/Src/main.c **** 
 112              		.loc 1 103 3 view .LVU19
 113 0030 0293     		str	r3, [sp, #8]
 103:Core/Src/main.c **** 
 114              		.loc 1 103 3 view .LVU20
 115 0032 1B4B     		ldr	r3, .L9+4
 116 0034 1A68     		ldr	r2, [r3]
 117 0036 42F48042 		orr	r2, r2, #16384
 118 003a 1A60     		str	r2, [r3]
 103:Core/Src/main.c **** 
 119              		.loc 1 103 3 view .LVU21
 120 003c 1B68     		ldr	r3, [r3]
 121 003e 03F48043 		and	r3, r3, #16384
 122 0042 0293     		str	r3, [sp, #8]
 103:Core/Src/main.c **** 
 123              		.loc 1 103 3 view .LVU22
 124 0044 029B     		ldr	r3, [sp, #8]
 125              	.LBE7:
 103:Core/Src/main.c **** 
 126              		.loc 1 103 3 view .LVU23
 108:Core/Src/main.c ****   RCC_OscInitStruct.HSEState = RCC_HSE_ON;
 127              		.loc 1 108 3 view .LVU24
 108:Core/Src/main.c ****   RCC_OscInitStruct.HSEState = RCC_HSE_ON;
 128              		.loc 1 108 36 is_stmt 0 view .LVU25
 129 0046 0123     		movs	r3, #1
 130 0048 0893     		str	r3, [sp, #32]
 109:Core/Src/main.c ****   RCC_OscInitStruct.PLL.PLLState = RCC_PLL_ON;
 131              		.loc 1 109 3 is_stmt 1 view .LVU26
 109:Core/Src/main.c ****   RCC_OscInitStruct.PLL.PLLState = RCC_PLL_ON;
 132              		.loc 1 109 30 is_stmt 0 view .LVU27
 133 004a 4FF48033 		mov	r3, #65536
 134 004e 0993     		str	r3, [sp, #36]
 110:Core/Src/main.c ****   RCC_OscInitStruct.PLL.PLLSource = RCC_PLLSOURCE_HSE;
 135              		.loc 1 110 3 is_stmt 1 view .LVU28
 110:Core/Src/main.c ****   RCC_OscInitStruct.PLL.PLLSource = RCC_PLLSOURCE_HSE;
 136              		.loc 1 110 34 is_stmt 0 view .LVU29
 137 0050 0223     		movs	r3, #2
 138 0052 0E93     		str	r3, [sp, #56]
 111:Core/Src/main.c ****   RCC_OscInitStruct.PLL.PLLM = 4;
 139              		.loc 1 111 3 is_stmt 1 view .LVU30
 111:Core/Src/main.c ****   RCC_OscInitStruct.PLL.PLLM = 4;
 140              		.loc 1 111 35 is_stmt 0 view .LVU31
 141 0054 4FF48002 		mov	r2, #4194304
 142 0058 0F92     		str	r2, [sp, #60]
 112:Core/Src/main.c ****   RCC_OscInitStruct.PLL.PLLN = 72;
 143              		.loc 1 112 3 is_stmt 1 view .LVU32
ARM GAS  C:\Users\38595\AppData\Local\Temp\ccypN52w.s 			page 9


 112:Core/Src/main.c ****   RCC_OscInitStruct.PLL.PLLN = 72;
 144              		.loc 1 112 30 is_stmt 0 view .LVU33
 145 005a 0422     		movs	r2, #4
 146 005c 1092     		str	r2, [sp, #64]
 113:Core/Src/main.c ****   RCC_OscInitStruct.PLL.PLLP = RCC_PLLP_DIV2;
 147              		.loc 1 113 3 is_stmt 1 view .LVU34
 113:Core/Src/main.c ****   RCC_OscInitStruct.PLL.PLLP = RCC_PLLP_DIV2;
 148              		.loc 1 113 30 is_stmt 0 view .LVU35
 149 005e 4822     		movs	r2, #72
 150 0060 1192     		str	r2, [sp, #68]
 114:Core/Src/main.c ****   RCC_OscInitStruct.PLL.PLLQ = 3;
 151              		.loc 1 114 3 is_stmt 1 view .LVU36
 114:Core/Src/main.c ****   RCC_OscInitStruct.PLL.PLLQ = 3;
 152              		.loc 1 114 30 is_stmt 0 view .LVU37
 153 0062 1293     		str	r3, [sp, #72]
 115:Core/Src/main.c ****   if (HAL_RCC_OscConfig(&RCC_OscInitStruct) != HAL_OK) {
 154              		.loc 1 115 3 is_stmt 1 view .LVU38
 115:Core/Src/main.c ****   if (HAL_RCC_OscConfig(&RCC_OscInitStruct) != HAL_OK) {
 155              		.loc 1 115 30 is_stmt 0 view .LVU39
 156 0064 0323     		movs	r3, #3
 157 0066 1393     		str	r3, [sp, #76]
 116:Core/Src/main.c ****     Error_Handler();
 158              		.loc 1 116 3 is_stmt 1 view .LVU40
 116:Core/Src/main.c ****     Error_Handler();
 159              		.loc 1 116 7 is_stmt 0 view .LVU41
 160 0068 08A8     		add	r0, sp, #32
 161 006a FFF7FEFF 		bl	HAL_RCC_OscConfig
 162              	.LVL1:
 116:Core/Src/main.c ****     Error_Handler();
 163              		.loc 1 116 6 view .LVU42
 164 006e 80B9     		cbnz	r0, .L7
 122:Core/Src/main.c ****                                 RCC_CLOCKTYPE_PCLK1 | RCC_CLOCKTYPE_PCLK2;
 165              		.loc 1 122 3 is_stmt 1 view .LVU43
 122:Core/Src/main.c ****                                 RCC_CLOCKTYPE_PCLK1 | RCC_CLOCKTYPE_PCLK2;
 166              		.loc 1 122 31 is_stmt 0 view .LVU44
 167 0070 0F23     		movs	r3, #15
 168 0072 0393     		str	r3, [sp, #12]
 124:Core/Src/main.c ****   RCC_ClkInitStruct.AHBCLKDivider = RCC_SYSCLK_DIV1;
 169              		.loc 1 124 3 is_stmt 1 view .LVU45
 124:Core/Src/main.c ****   RCC_ClkInitStruct.AHBCLKDivider = RCC_SYSCLK_DIV1;
 170              		.loc 1 124 34 is_stmt 0 view .LVU46
 171 0074 0221     		movs	r1, #2
 172 0076 0491     		str	r1, [sp, #16]
 125:Core/Src/main.c ****   RCC_ClkInitStruct.APB1CLKDivider = RCC_HCLK_DIV2;
 173              		.loc 1 125 3 is_stmt 1 view .LVU47
 125:Core/Src/main.c ****   RCC_ClkInitStruct.APB1CLKDivider = RCC_HCLK_DIV2;
 174              		.loc 1 125 35 is_stmt 0 view .LVU48
 175 0078 0023     		movs	r3, #0
 176 007a 0593     		str	r3, [sp, #20]
 126:Core/Src/main.c ****   RCC_ClkInitStruct.APB2CLKDivider = RCC_HCLK_DIV1;
 177              		.loc 1 126 3 is_stmt 1 view .LVU49
 126:Core/Src/main.c ****   RCC_ClkInitStruct.APB2CLKDivider = RCC_HCLK_DIV1;
 178              		.loc 1 126 36 is_stmt 0 view .LVU50
 179 007c 4FF48052 		mov	r2, #4096
 180 0080 0692     		str	r2, [sp, #24]
 127:Core/Src/main.c **** 
 181              		.loc 1 127 3 is_stmt 1 view .LVU51
ARM GAS  C:\Users\38595\AppData\Local\Temp\ccypN52w.s 			page 10


 127:Core/Src/main.c **** 
 182              		.loc 1 127 36 is_stmt 0 view .LVU52
 183 0082 0793     		str	r3, [sp, #28]
 129:Core/Src/main.c ****     Error_Handler();
 184              		.loc 1 129 3 is_stmt 1 view .LVU53
 129:Core/Src/main.c ****     Error_Handler();
 185              		.loc 1 129 7 is_stmt 0 view .LVU54
 186 0084 03A8     		add	r0, sp, #12
 187 0086 FFF7FEFF 		bl	HAL_RCC_ClockConfig
 188              	.LVL2:
 129:Core/Src/main.c ****     Error_Handler();
 189              		.loc 1 129 6 view .LVU55
 190 008a 20B9     		cbnz	r0, .L8
 132:Core/Src/main.c **** 
 191              		.loc 1 132 1 view .LVU56
 192 008c 15B0     		add	sp, sp, #84
 193              	.LCFI2:
 194              		.cfi_remember_state
 195              		.cfi_def_cfa_offset 4
 196              		@ sp needed
 197 008e 5DF804FB 		ldr	pc, [sp], #4
 198              	.L7:
 199              	.LCFI3:
 200              		.cfi_restore_state
 117:Core/Src/main.c ****   }
 201              		.loc 1 117 5 is_stmt 1 view .LVU57
 202 0092 FFF7FEFF 		bl	Error_Handler
 203              	.LVL3:
 204              	.L8:
 130:Core/Src/main.c ****   }
 205              		.loc 1 130 5 view .LVU58
 206 0096 FFF7FEFF 		bl	Error_Handler
 207              	.LVL4:
 208              	.L10:
 209 009a 00BF     		.align	2
 210              	.L9:
 211 009c 00380240 		.word	1073887232
 212 00a0 00700040 		.word	1073770496
 213              		.cfi_endproc
 214              	.LFE131:
 216              		.section	.text.main,"ax",%progbits
 217              		.align	1
 218              		.global	main
 219              		.syntax unified
 220              		.thumb
 221              		.thumb_func
 223              	main:
 224              	.LFB130:
  65:Core/Src/main.c ****   HAL_Init();
 225              		.loc 1 65 16 view -0
 226              		.cfi_startproc
 227              		@ Volatile: function does not return.
 228              		@ args = 0, pretend = 0, frame = 0
 229              		@ frame_needed = 0, uses_anonymous_args = 0
 230 0000 08B5     		push	{r3, lr}
 231              	.LCFI4:
 232              		.cfi_def_cfa_offset 8
ARM GAS  C:\Users\38595\AppData\Local\Temp\ccypN52w.s 			page 11


 233              		.cfi_offset 3, -8
 234              		.cfi_offset 14, -4
  66:Core/Src/main.c ****   SystemClock_Config();
 235              		.loc 1 66 3 view .LVU60
 236 0002 FFF7FEFF 		bl	HAL_Init
 237              	.LVL5:
  67:Core/Src/main.c ****   MX_TIM2_Init();
 238              		.loc 1 67 3 view .LVU61
 239 0006 FFF7FEFF 		bl	SystemClock_Config
 240              	.LVL6:
  68:Core/Src/main.c ****   HAL_TIM_Base_Start_IT(&htim2);
 241              		.loc 1 68 3 view .LVU62
 242 000a FFF7FEFF 		bl	MX_TIM2_Init
 243              	.LVL7:
  69:Core/Src/main.c ****   MX_GPIO_Init();
 244              		.loc 1 69 3 view .LVU63
 245 000e 1748     		ldr	r0, .L14
 246 0010 FFF7FEFF 		bl	HAL_TIM_Base_Start_IT
 247              	.LVL8:
  70:Core/Src/main.c ****   while (1) {
 248              		.loc 1 70 3 view .LVU64
 249 0014 FFF7FEFF 		bl	MX_GPIO_Init
 250              	.LVL9:
 251              	.L12:
  71:Core/Src/main.c ****     timer2_wait_millisec(1000);
 252              		.loc 1 71 3 discriminator 1 view .LVU65
  72:Core/Src/main.c ****     gpio_led_state(LED3_ORANGE_ID, 1);  // turn on
 253              		.loc 1 72 5 discriminator 1 view .LVU66
 254 0018 4FF47A70 		mov	r0, #1000
 255 001c FFF7FEFF 		bl	timer2_wait_millisec
 256              	.LVL10:
  73:Core/Src/main.c ****     gpio_led_state(LED4_GREEN_ID, 1);   // turn on
 257              		.loc 1 73 5 discriminator 1 view .LVU67
 258 0020 0121     		movs	r1, #1
 259 0022 0846     		mov	r0, r1
 260 0024 FFF7FEFF 		bl	gpio_led_state
 261              	.LVL11:
  74:Core/Src/main.c ****     gpio_led_state(LED5_RED_ID, 0);     // turn off
 262              		.loc 1 74 5 discriminator 1 view .LVU68
 263 0028 0121     		movs	r1, #1
 264 002a 0220     		movs	r0, #2
 265 002c FFF7FEFF 		bl	gpio_led_state
 266              	.LVL12:
  75:Core/Src/main.c ****     gpio_led_state(LED6_BLUE_ID, 0);    // turn off
 267              		.loc 1 75 5 discriminator 1 view .LVU69
 268 0030 0021     		movs	r1, #0
 269 0032 0320     		movs	r0, #3
 270 0034 FFF7FEFF 		bl	gpio_led_state
 271              	.LVL13:
  76:Core/Src/main.c **** 
 272              		.loc 1 76 5 discriminator 1 view .LVU70
 273 0038 0021     		movs	r1, #0
 274 003a 0420     		movs	r0, #4
 275 003c FFF7FEFF 		bl	gpio_led_state
 276              	.LVL14:
  78:Core/Src/main.c ****     gpio_led_state(LED3_ORANGE_ID, 0);  // turn off
 277              		.loc 1 78 5 discriminator 1 view .LVU71
ARM GAS  C:\Users\38595\AppData\Local\Temp\ccypN52w.s 			page 12


 278 0040 4FF47A70 		mov	r0, #1000
 279 0044 FFF7FEFF 		bl	timer2_wait_millisec
 280              	.LVL15:
  79:Core/Src/main.c ****     gpio_led_state(LED4_GREEN_ID, 0);   // turn off
 281              		.loc 1 79 5 discriminator 1 view .LVU72
 282 0048 0021     		movs	r1, #0
 283 004a 0120     		movs	r0, #1
 284 004c FFF7FEFF 		bl	gpio_led_state
 285              	.LVL16:
  80:Core/Src/main.c ****     gpio_led_state(LED5_RED_ID, 1);     // turn on
 286              		.loc 1 80 5 discriminator 1 view .LVU73
 287 0050 0021     		movs	r1, #0
 288 0052 0220     		movs	r0, #2
 289 0054 FFF7FEFF 		bl	gpio_led_state
 290              	.LVL17:
  81:Core/Src/main.c ****     gpio_led_state(LED6_BLUE_ID, 1);    // turn on
 291              		.loc 1 81 5 discriminator 1 view .LVU74
 292 0058 0121     		movs	r1, #1
 293 005a 0320     		movs	r0, #3
 294 005c FFF7FEFF 		bl	gpio_led_state
 295              	.LVL18:
  82:Core/Src/main.c ****   }
 296              		.loc 1 82 5 discriminator 1 view .LVU75
 297 0060 0121     		movs	r1, #1
 298 0062 0420     		movs	r0, #4
 299 0064 FFF7FEFF 		bl	gpio_led_state
 300              	.LVL19:
  71:Core/Src/main.c ****     timer2_wait_millisec(1000);
 301              		.loc 1 71 9 discriminator 1 view .LVU76
 302 0068 D6E7     		b	.L12
 303              	.L15:
 304 006a 00BF     		.align	2
 305              	.L14:
 306 006c 00000000 		.word	htim2
 307              		.cfi_endproc
 308              	.LFE130:
 310              		.text
 311              	.Letext0:
 312              		.file 3 "c:\\program files (x86)\\gnu arm embedded toolchain\\10 2021.10\\arm-none-eabi\\include\\
 313              		.file 4 "c:\\program files (x86)\\gnu arm embedded toolchain\\10 2021.10\\arm-none-eabi\\include\\
 314              		.file 5 "Drivers/CMSIS/Device/ST/STM32F4xx/Include/stm32f407xx.h"
 315              		.file 6 "Drivers/STM32F4xx_HAL_Driver/Inc/stm32f4xx_hal_def.h"
 316              		.file 7 "Drivers/STM32F4xx_HAL_Driver/Inc/stm32f4xx_hal_rcc_ex.h"
 317              		.file 8 "Drivers/STM32F4xx_HAL_Driver/Inc/stm32f4xx_hal_rcc.h"
 318              		.file 9 "Drivers/STM32F4xx_HAL_Driver/Inc/stm32f4xx_hal_dma.h"
 319              		.file 10 "Drivers/STM32F4xx_HAL_Driver/Inc/stm32f4xx_hal_tim.h"
 320              		.file 11 "Drivers/STM32F4xx_HAL_Driver/Inc/stm32f4xx_hal.h"
 321              		.file 12 "Core/Inc/tim.h"
 322              		.file 13 "Core/Inc/gpio.h"
 323              		.file 14 "<built-in>"
ARM GAS  C:\Users\38595\AppData\Local\Temp\ccypN52w.s 			page 13


DEFINED SYMBOLS
                            *ABS*:00000000 main.c
C:\Users\38595\AppData\Local\Temp\ccypN52w.s:20     .text.Error_Handler:00000000 $t
C:\Users\38595\AppData\Local\Temp\ccypN52w.s:26     .text.Error_Handler:00000000 Error_Handler
C:\Users\38595\AppData\Local\Temp\ccypN52w.s:59     .text.SystemClock_Config:00000000 $t
C:\Users\38595\AppData\Local\Temp\ccypN52w.s:65     .text.SystemClock_Config:00000000 SystemClock_Config
C:\Users\38595\AppData\Local\Temp\ccypN52w.s:211    .text.SystemClock_Config:0000009c $d
C:\Users\38595\AppData\Local\Temp\ccypN52w.s:217    .text.main:00000000 $t
C:\Users\38595\AppData\Local\Temp\ccypN52w.s:223    .text.main:00000000 main
C:\Users\38595\AppData\Local\Temp\ccypN52w.s:306    .text.main:0000006c $d

UNDEFINED SYMBOLS
memset
HAL_RCC_OscConfig
HAL_RCC_ClockConfig
HAL_Init
MX_TIM2_Init
HAL_TIM_Base_Start_IT
MX_GPIO_Init
timer2_wait_millisec
gpio_led_state
htim2
